Using pre-set license
Built from '2022.3/staging' branch; Version is '2022.3.4f1 (35713cd46cd7) revision 3502396'; Using compiler version '192829333'; Build Type 'Release'
OS: 'Windows 11  (10.0.22621) 64bit Professional' Language: 'ko' Physical Memory: 24464 MB
BatchMode: 1, IsHumanControllingUs: 0, StartBugReporterOnCrash: 0, Is64bit: 1, IsPro: 1

COMMAND LINE ARGUMENTS:
C:\Program Files\Unity 2022.3.4f1\Editor\Unity.exe
-adb2
-batchMode
-noUpm
-name
AssetImportWorker0
-projectPath
D:/unity/TPS_SoloProject
-logFile
Logs/AssetImportWorker0.log
-srvPort
58986
Successfully changed project path to: D:/unity/TPS_SoloProject
D:/unity/TPS_SoloProject
[UnityMemory] Configuration Parameters - Can be set up in boot.config
    "memorysetup-bucket-allocator-granularity=16"
    "memorysetup-bucket-allocator-bucket-count=8"
    "memorysetup-bucket-allocator-block-size=33554432"
    "memorysetup-bucket-allocator-block-count=8"
    "memorysetup-main-allocator-block-size=16777216"
    "memorysetup-thread-allocator-block-size=16777216"
    "memorysetup-gfx-main-allocator-block-size=16777216"
    "memorysetup-gfx-thread-allocator-block-size=16777216"
    "memorysetup-cache-allocator-block-size=4194304"
    "memorysetup-typetree-allocator-block-size=2097152"
    "memorysetup-profiler-bucket-allocator-granularity=16"
    "memorysetup-profiler-bucket-allocator-bucket-count=8"
    "memorysetup-profiler-bucket-allocator-block-size=33554432"
    "memorysetup-profiler-bucket-allocator-block-count=8"
    "memorysetup-profiler-allocator-block-size=16777216"
    "memorysetup-profiler-editor-allocator-block-size=1048576"
    "memorysetup-temp-allocator-size-main=16777216"
    "memorysetup-job-temp-allocator-block-size=2097152"
    "memorysetup-job-temp-allocator-block-size-background=1048576"
    "memorysetup-job-temp-allocator-reduction-small-platforms=262144"
    "memorysetup-allocator-temp-initial-block-size-main=262144"
    "memorysetup-allocator-temp-initial-block-size-worker=262144"
    "memorysetup-temp-allocator-size-background-worker=32768"
    "memorysetup-temp-allocator-size-job-worker=262144"
    "memorysetup-temp-allocator-size-preload-manager=33554432"
    "memorysetup-temp-allocator-size-nav-mesh-worker=65536"
    "memorysetup-temp-allocator-size-audio-worker=65536"
    "memorysetup-temp-allocator-size-cloud-worker=32768"
    "memorysetup-temp-allocator-size-gi-baking-worker=262144"
    "memorysetup-temp-allocator-size-gfx=262144"
Player connection [13128] Host "[IP] 192.168.0.11 [Port] 0 [Flags] 2 [Guid] 1725947109 [EditorId] 1725947109 [Version] 1048832 [Id] WindowsEditor(7,DESKTOP-6L5JQJ2) [Debug] 1 [PackageName] WindowsEditor [ProjectName] Editor" joined multi-casting on [225.0.0.222:54997]...

Player connection [13128] Host "[IP] 192.168.0.11 [Port] 0 [Flags] 2 [Guid] 1725947109 [EditorId] 1725947109 [Version] 1048832 [Id] WindowsEditor(7,DESKTOP-6L5JQJ2) [Debug] 1 [PackageName] WindowsEditor [ProjectName] Editor" joined alternative multi-casting on [225.0.0.222:34997]...

Refreshing native plugins compatible for Editor in 5.77 ms, found 3 plugins.
Preloading 0 native plugins for Editor in 0.00 ms.
Initialize engine version: 2022.3.4f1 (35713cd46cd7)
[Subsystems] Discovering subsystems at path C:/Program Files/Unity 2022.3.4f1/Editor/Data/Resources/UnitySubsystems
[Subsystems] Discovering subsystems at path D:/unity/TPS_SoloProject/Assets
GfxDevice: creating device client; threaded=0; jobified=0
Direct3D:
    Version:  Direct3D 11.0 [level 11.1]
    Renderer: Radeon RX 570 Series (ID=0x67df)
    Vendor:   ATI
    VRAM:     8135 MB
    Driver:   31.0.14057.5006
Shader Hidden/ProbeVolume/VoxelizeScene is not supported: GPU does not support conservative rasterization
Shader 'NOT_Lonely/NOT_Lonely_PBRDecals': fallback shader 'Decal/Transparent Diffuse' not found
Initialize mono
Mono path[0] = 'C:/Program Files/Unity 2022.3.4f1/Editor/Data/Managed'
Mono path[1] = 'C:/Program Files/Unity 2022.3.4f1/Editor/Data/MonoBleedingEdge/lib/mono/unityjit-win32'
Mono config path = 'C:/Program Files/Unity 2022.3.4f1/Editor/Data/MonoBleedingEdge/etc'
Using monoOptions --debugger-agent=transport=dt_socket,embedding=1,server=y,suspend=n,address=127.0.0.1:56760
Begin MonoManager ReloadAssembly
Registering precompiled unity dll's ...
Register platform support module: C:/Program Files/Unity 2022.3.4f1/Editor/Data/PlaybackEngines/WindowsStandaloneSupport/UnityEditor.WindowsStandalone.Extensions.dll
Registered in 0.004582 seconds.
- Loaded All Assemblies, in  0.274 seconds
Native extension for WindowsStandalone target not found
Mono: successfully reloaded assembly
- Finished resetting the current domain, in  0.273 seconds
Domain Reload Profiling: 546ms
	BeginReloadAssembly (68ms)
		ExecutionOrderSort (0ms)
		DisableScriptedObjects (0ms)
		BackupInstance (0ms)
		ReleaseScriptingObjects (0ms)
		CreateAndSetChildDomain (1ms)
	RebuildCommonClasses (31ms)
	RebuildNativeTypeToScriptingClass (8ms)
	initialDomainReloadingComplete (44ms)
	LoadAllAssembliesAndSetupDomain (121ms)
		LoadAssemblies (67ms)
		RebuildTransferFunctionScriptingTraits (0ms)
		AnalyzeDomain (116ms)
			TypeCache.Refresh (115ms)
				TypeCache.ScanAssembly (102ms)
			ScanForSourceGeneratedMonoScriptInfo (1ms)
			ResolveRequiredComponents (1ms)
	FinalizeReload (273ms)
		ReleaseScriptCaches (0ms)
		RebuildScriptCaches (0ms)
		SetupLoadedEditorAssemblies (210ms)
			LogAssemblyErrors (0ms)
			InitializePlatformSupportModulesInManaged (9ms)
			SetLoadedEditorAssemblies (6ms)
			RefreshPlugins (0ms)
			BeforeProcessingInitializeOnLoad (2ms)
			ProcessInitializeOnLoadAttributes (141ms)
			ProcessInitializeOnLoadMethodAttributes (51ms)
			AfterProcessingInitializeOnLoad (0ms)
			EditorAssembliesLoaded (0ms)
		ExecutionOrderSort2 (0ms)
		AwakeInstancesAfterBackupRestoration (0ms)
========================================================================
Worker process is ready to serve import requests
Begin MonoManager ReloadAssembly
Symbol file LoadedFromMemory doesn't match image D:\unity\TPS_SoloProject\Library\PackageCache\com.unity.visualscripting@1.8.0\Editor\VisualScripting.Core\Dependencies\YamlDotNet\Unity.VisualScripting.YamlDotNet.dll
Symbol file LoadedFromMemory doesn't match image D:\unity\TPS_SoloProject\Library\PackageCache\com.unity.visualscripting@1.8.0\Editor\VisualScripting.Core\Dependencies\DotNetZip\Unity.VisualScripting.IonicZip.dll
- Loaded All Assemblies, in  0.782 seconds
Refreshing native plugins compatible for Editor in 1.88 ms, found 3 plugins.
Native extension for WindowsStandalone target not found
[MODES] ModeService[none].Initialize
[MODES] ModeService[none].LoadModes
[MODES] Loading mode Default (0) for mode-current-id-TPS
Mono: successfully reloaded assembly
- Finished resetting the current domain, in  0.594 seconds
Domain Reload Profiling: 1375ms
	BeginReloadAssembly (132ms)
		ExecutionOrderSort (0ms)
		DisableScriptedObjects (5ms)
		BackupInstance (0ms)
		ReleaseScriptingObjects (0ms)
		CreateAndSetChildDomain (24ms)
	RebuildCommonClasses (41ms)
	RebuildNativeTypeToScriptingClass (8ms)
	initialDomainReloadingComplete (47ms)
	LoadAllAssembliesAndSetupDomain (552ms)
		LoadAssemblies (261ms)
		RebuildTransferFunctionScriptingTraits (0ms)
		AnalyzeDomain (353ms)
			TypeCache.Refresh (319ms)
				TypeCache.ScanAssembly (304ms)
			ScanForSourceGeneratedMonoScriptInfo (23ms)
			ResolveRequiredComponents (11ms)
	FinalizeReload (594ms)
		ReleaseScriptCaches (0ms)
		RebuildScriptCaches (0ms)
		SetupLoadedEditorAssemblies (438ms)
			LogAssemblyErrors (0ms)
			InitializePlatformSupportModulesInManaged (4ms)
			SetLoadedEditorAssemblies (3ms)
			RefreshPlugins (0ms)
			BeforeProcessingInitializeOnLoad (65ms)
			ProcessInitializeOnLoadAttributes (304ms)
			ProcessInitializeOnLoadMethodAttributes (55ms)
			AfterProcessingInitializeOnLoad (7ms)
			EditorAssembliesLoaded (0ms)
		ExecutionOrderSort2 (0ms)
		AwakeInstancesAfterBackupRestoration (7ms)
Shader 'NOT_Lonely/NOT_Lonely_PBRDecals': fallback shader 'Decal/Transparent Diffuse' not found
Shader Hidden/ProbeVolume/VoxelizeScene is not supported: GPU does not support conservative rasterization
Launched and connected shader compiler UnityShaderCompiler.exe after 0.04 seconds
Refreshing native plugins compatible for Editor in 1.79 ms, found 3 plugins.
Preloading 0 native plugins for Editor in 0.00 ms.
Unloading 5954 Unused Serialized files (Serialized files now loaded: 0)
Unloading 89 unused Assets / (1.6 MB). Loaded Objects now: 6416.
Memory consumption went from 243.8 MB to 242.2 MB.
Total: 6.160200 ms (FindLiveObjects: 0.448800 ms CreateObjectMapping: 0.167900 ms MarkObjects: 4.386100 ms  DeleteObjects: 1.156400 ms)

AssetImportParameters requested are different than current active one (requested -> active):
  custom:container-demuxer-ogg: 62fdf1f143b41e24485cea50d1cbac27 -> 
  custom:video-codec-MediaFoundation-h265: 746d11721c4dcdbdad8f713fa42b33f4 -> 
  custom:video-decoder-ogg-theora: a1e56fd34408186e4bbccfd4996cb3dc -> 
  custom:framework-win-MediaFoundation: 216162199b28c13a410421893ffa2e32 -> 
  custom:CustomObjectIndexerAttribute: a3ef5dd2817f97addfee359851a9dba5 -> 
  custom:container-demuxer-webm: 4f35f7cbe854078d1ac9338744f61a02 -> 
  custom:container-muxer-webm: aa71ff27fc2769a1b78a27578f13a17b -> 
  custom:video-decoder-webm-vp8: 9c59270c3fd7afecdb556c50c9e8de78 -> 
  custom:AudioImporter_EditorPlatform: d09bf68614088b80899f8185d706f6e7 -> 
  custom:video-encoder-webm-vp8: eb34c28f22e8b96e1ab97ce403110664 -> 
  custom:audio-decoder-ogg-vorbis: bf7c407c2cedff20999df2af8eb42d56 -> 
  custom:audio-encoder-webm-vorbis: bf7c407c2cedff20999df2af8eb42d56 -> 
========================================================================
Received Import Request.
  Time since last request: 72121.980499 seconds.
  path: Assets/Prefabs/BasicZombie.prefab
  artifactKey: Guid(38e9d3b7cf0e7af49a16262152570320) Importer(815301076,1909f56bfc062723c751e8b465ee728b)
Start importing Assets/Prefabs/BasicZombie.prefab using Guid(38e9d3b7cf0e7af49a16262152570320) Importer(815301076,1909f56bfc062723c751e8b465ee728b)  -> (artifact id: '0bfbd0b3197d277d3ad8b2fcc83c1a9d') in 0.024359 seconds
Number of updated asset objects reloaded before import = 0
Number of asset objects unloaded after import = 283
========================================================================
Received Import Request.
  Time since last request: 2.646557 seconds.
  path: Assets/Prefabs/Woman Zombie.prefab
  artifactKey: Guid(d4789f9f51769ed4a8ffbc896725b1a0) Importer(815301076,1909f56bfc062723c751e8b465ee728b)
Start importing Assets/Prefabs/Woman Zombie.prefab using Guid(d4789f9f51769ed4a8ffbc896725b1a0) Importer(815301076,1909f56bfc062723c751e8b465ee728b)  -> (artifact id: 'a41884bfaa8018edb0817ebfdbaab96d') in 0.007719 seconds
Number of updated asset objects reloaded before import = 0
Number of asset objects unloaded after import = 276
========================================================================
Received Prepare
Begin MonoManager ReloadAssembly
Symbol file LoadedFromMemory doesn't match image D:\unity\TPS_SoloProject\Library\PackageCache\com.unity.visualscripting@1.8.0\Editor\VisualScripting.Core\Dependencies\YamlDotNet\Unity.VisualScripting.YamlDotNet.dll
Symbol file LoadedFromMemory doesn't match image D:\unity\TPS_SoloProject\Library\PackageCache\com.unity.visualscripting@1.8.0\Editor\VisualScripting.Core\Dependencies\DotNetZip\Unity.VisualScripting.IonicZip.dll
- Loaded All Assemblies, in  0.564 seconds
Refreshing native plugins compatible for Editor in 1.88 ms, found 3 plugins.
Native extension for WindowsStandalone target not found
[MODES] ModeService[none].Initialize
[MODES] ModeService[none].LoadModes
[MODES] Loading mode Default (0) for mode-current-id-TPS
Mono: successfully reloaded assembly
- Finished resetting the current domain, in  0.905 seconds
Domain Reload Profiling: 1467ms
	BeginReloadAssembly (124ms)
		ExecutionOrderSort (0ms)
		DisableScriptedObjects (4ms)
		BackupInstance (0ms)
		ReleaseScriptingObjects (0ms)
		CreateAndSetChildDomain (40ms)
	RebuildCommonClasses (24ms)
	RebuildNativeTypeToScriptingClass (8ms)
	initialDomainReloadingComplete (25ms)
	LoadAllAssembliesAndSetupDomain (380ms)
		LoadAssemblies (190ms)
		RebuildTransferFunctionScriptingTraits (0ms)
		AnalyzeDomain (239ms)
			TypeCache.Refresh (229ms)
				TypeCache.ScanAssembly (218ms)
			ScanForSourceGeneratedMonoScriptInfo (0ms)
			ResolveRequiredComponents (10ms)
	FinalizeReload (905ms)
		ReleaseScriptCaches (0ms)
		RebuildScriptCaches (0ms)
		SetupLoadedEditorAssemblies (364ms)
			LogAssemblyErrors (0ms)
			InitializePlatformSupportModulesInManaged (4ms)
			SetLoadedEditorAssemblies (2ms)
			RefreshPlugins (0ms)
			BeforeProcessingInitializeOnLoad (65ms)
			ProcessInitializeOnLoadAttributes (237ms)
			ProcessInitializeOnLoadMethodAttributes (49ms)
			AfterProcessingInitializeOnLoad (5ms)
			EditorAssembliesLoaded (0ms)
		ExecutionOrderSort2 (0ms)
		AwakeInstancesAfterBackupRestoration (15ms)
Shader 'NOT_Lonely/NOT_Lonely_PBRDecals': fallback shader 'Decal/Transparent Diffuse' not found
Shader Hidden/ProbeVolume/VoxelizeScene is not supported: GPU does not support conservative rasterization
Refreshing native plugins compatible for Editor in 1.86 ms, found 3 plugins.
Preloading 0 native plugins for Editor in 0.00 ms.
Unloading 5769 Unused Serialized files (Serialized files now loaded: 0)
Unloading 52 unused Assets / (1.6 MB). Loaded Objects now: 6434.
Memory consumption went from 210.1 MB to 208.5 MB.
Total: 3.972800 ms (FindLiveObjects: 0.457000 ms CreateObjectMapping: 0.167800 ms MarkObjects: 2.816300 ms  DeleteObjects: 0.530900 ms)

Prepare: number of updated asset objects reloaded= 0
AssetImportParameters requested are different than current active one (requested -> active):
  custom:container-demuxer-ogg: 62fdf1f143b41e24485cea50d1cbac27 -> 
  custom:video-codec-MediaFoundation-h265: 746d11721c4dcdbdad8f713fa42b33f4 -> 
  custom:video-decoder-ogg-theora: a1e56fd34408186e4bbccfd4996cb3dc -> 
  custom:framework-win-MediaFoundation: 216162199b28c13a410421893ffa2e32 -> 
  custom:CustomObjectIndexerAttribute: a3ef5dd2817f97addfee359851a9dba5 -> 
  custom:container-demuxer-webm: 4f35f7cbe854078d1ac9338744f61a02 -> 
  custom:container-muxer-webm: aa71ff27fc2769a1b78a27578f13a17b -> 
  custom:video-decoder-webm-vp8: 9c59270c3fd7afecdb556c50c9e8de78 -> 
  custom:AudioImporter_EditorPlatform: d09bf68614088b80899f8185d706f6e7 -> 
  custom:video-encoder-webm-vp8: eb34c28f22e8b96e1ab97ce403110664 -> 
  custom:audio-decoder-ogg-vorbis: bf7c407c2cedff20999df2af8eb42d56 -> 
  custom:audio-encoder-webm-vorbis: bf7c407c2cedff20999df2af8eb42d56 -> 
========================================================================
Received Prepare
Begin MonoManager ReloadAssembly
Symbol file LoadedFromMemory doesn't match image D:\unity\TPS_SoloProject\Library\PackageCache\com.unity.visualscripting@1.8.0\Editor\VisualScripting.Core\Dependencies\YamlDotNet\Unity.VisualScripting.YamlDotNet.dll
Symbol file LoadedFromMemory doesn't match image D:\unity\TPS_SoloProject\Library\PackageCache\com.unity.visualscripting@1.8.0\Editor\VisualScripting.Core\Dependencies\DotNetZip\Unity.VisualScripting.IonicZip.dll
- Loaded All Assemblies, in  0.567 seconds
Refreshing native plugins compatible for Editor in 1.94 ms, found 3 plugins.
Native extension for WindowsStandalone target not found
[MODES] ModeService[none].Initialize
[MODES] ModeService[none].LoadModes
[MODES] Loading mode Default (0) for mode-current-id-TPS
Mono: successfully reloaded assembly
- Finished resetting the current domain, in  1.137 seconds
Domain Reload Profiling: 1703ms
	BeginReloadAssembly (126ms)
		ExecutionOrderSort (0ms)
		DisableScriptedObjects (4ms)
		BackupInstance (0ms)
		ReleaseScriptingObjects (0ms)
		CreateAndSetChildDomain (45ms)
	RebuildCommonClasses (26ms)
	RebuildNativeTypeToScriptingClass (8ms)
	initialDomainReloadingComplete (24ms)
	LoadAllAssembliesAndSetupDomain (382ms)
		LoadAssemblies (183ms)
		RebuildTransferFunctionScriptingTraits (0ms)
		AnalyzeDomain (245ms)
			TypeCache.Refresh (226ms)
				TypeCache.ScanAssembly (214ms)
			ScanForSourceGeneratedMonoScriptInfo (9ms)
			ResolveRequiredComponents (11ms)
	FinalizeReload (1137ms)
		ReleaseScriptCaches (0ms)
		RebuildScriptCaches (0ms)
		SetupLoadedEditorAssemblies (542ms)
			LogAssemblyErrors (0ms)
			InitializePlatformSupportModulesInManaged (6ms)
			SetLoadedEditorAssemblies (4ms)
			RefreshPlugins (0ms)
			BeforeProcessingInitializeOnLoad (85ms)
			ProcessInitializeOnLoadAttributes (364ms)
			ProcessInitializeOnLoadMethodAttributes (75ms)
			AfterProcessingInitializeOnLoad (8ms)
			EditorAssembliesLoaded (0ms)
		ExecutionOrderSort2 (0ms)
		AwakeInstancesAfterBackupRestoration (20ms)
Shader 'NOT_Lonely/NOT_Lonely_PBRDecals': fallback shader 'Decal/Transparent Diffuse' not found
Shader Hidden/ProbeVolume/VoxelizeScene is not supported: GPU does not support conservative rasterization
Refreshing native plugins compatible for Editor in 3.21 ms, found 3 plugins.
Preloading 0 native plugins for Editor in 0.00 ms.
Unloading 5769 Unused Serialized files (Serialized files now loaded: 0)
Unloading 52 unused Assets / (1.6 MB). Loaded Objects now: 6451.
Memory consumption went from 210.3 MB to 208.7 MB.
Total: 6.838800 ms (FindLiveObjects: 0.740600 ms CreateObjectMapping: 0.227900 ms MarkObjects: 5.024000 ms  DeleteObjects: 0.845000 ms)

Prepare: number of updated asset objects reloaded= 0
AssetImportParameters requested are different than current active one (requested -> active):
  custom:container-demuxer-ogg: 62fdf1f143b41e24485cea50d1cbac27 -> 
  custom:video-codec-MediaFoundation-h265: 746d11721c4dcdbdad8f713fa42b33f4 -> 
  custom:video-decoder-ogg-theora: a1e56fd34408186e4bbccfd4996cb3dc -> 
  custom:framework-win-MediaFoundation: 216162199b28c13a410421893ffa2e32 -> 
  custom:CustomObjectIndexerAttribute: a3ef5dd2817f97addfee359851a9dba5 -> 
  custom:container-demuxer-webm: 4f35f7cbe854078d1ac9338744f61a02 -> 
  custom:container-muxer-webm: aa71ff27fc2769a1b78a27578f13a17b -> 
  custom:video-decoder-webm-vp8: 9c59270c3fd7afecdb556c50c9e8de78 -> 
  custom:AudioImporter_EditorPlatform: d09bf68614088b80899f8185d706f6e7 -> 
  custom:video-encoder-webm-vp8: eb34c28f22e8b96e1ab97ce403110664 -> 
  custom:audio-decoder-ogg-vorbis: bf7c407c2cedff20999df2af8eb42d56 -> 
  custom:audio-encoder-webm-vorbis: bf7c407c2cedff20999df2af8eb42d56 -> 
========================================================================
Received Prepare
Begin MonoManager ReloadAssembly
Symbol file LoadedFromMemory doesn't match image D:\unity\TPS_SoloProject\Library\PackageCache\com.unity.visualscripting@1.8.0\Editor\VisualScripting.Core\Dependencies\YamlDotNet\Unity.VisualScripting.YamlDotNet.dll
Symbol file LoadedFromMemory doesn't match image D:\unity\TPS_SoloProject\Library\PackageCache\com.unity.visualscripting@1.8.0\Editor\VisualScripting.Core\Dependencies\DotNetZip\Unity.VisualScripting.IonicZip.dll
- Loaded All Assemblies, in  0.537 seconds
Refreshing native plugins compatible for Editor in 1.85 ms, found 3 plugins.
Native extension for WindowsStandalone target not found
[MODES] ModeService[none].Initialize
[MODES] ModeService[none].LoadModes
[MODES] Loading mode Default (0) for mode-current-id-TPS
Mono: successfully reloaded assembly
- Finished resetting the current domain, in  0.909 seconds
Domain Reload Profiling: 1445ms
	BeginReloadAssembly (125ms)
		ExecutionOrderSort (0ms)
		DisableScriptedObjects (5ms)
		BackupInstance (0ms)
		ReleaseScriptingObjects (0ms)
		CreateAndSetChildDomain (42ms)
	RebuildCommonClasses (25ms)
	RebuildNativeTypeToScriptingClass (8ms)
	initialDomainReloadingComplete (25ms)
	LoadAllAssembliesAndSetupDomain (352ms)
		LoadAssemblies (185ms)
		RebuildTransferFunctionScriptingTraits (0ms)
		AnalyzeDomain (213ms)
			TypeCache.Refresh (203ms)
				TypeCache.ScanAssembly (192ms)
			ScanForSourceGeneratedMonoScriptInfo (0ms)
			ResolveRequiredComponents (10ms)
	FinalizeReload (909ms)
		ReleaseScriptCaches (0ms)
		RebuildScriptCaches (0ms)
		SetupLoadedEditorAssemblies (369ms)
			LogAssemblyErrors (0ms)
			InitializePlatformSupportModulesInManaged (4ms)
			SetLoadedEditorAssemblies (2ms)
			RefreshPlugins (0ms)
			BeforeProcessingInitializeOnLoad (62ms)
			ProcessInitializeOnLoadAttributes (248ms)
			ProcessInitializeOnLoadMethodAttributes (46ms)
			AfterProcessingInitializeOnLoad (6ms)
			EditorAssembliesLoaded (0ms)
		ExecutionOrderSort2 (0ms)
		AwakeInstancesAfterBackupRestoration (14ms)
Shader 'NOT_Lonely/NOT_Lonely_PBRDecals': fallback shader 'Decal/Transparent Diffuse' not found
Shader Hidden/ProbeVolume/VoxelizeScene is not supported: GPU does not support conservative rasterization
Refreshing native plugins compatible for Editor in 1.95 ms, found 3 plugins.
Preloading 0 native plugins for Editor in 0.00 ms.
Unloading 5769 Unused Serialized files (Serialized files now loaded: 0)
Unloading 52 unused Assets / (1.6 MB). Loaded Objects now: 6468.
Memory consumption went from 210.3 MB to 208.7 MB.
Total: 4.069100 ms (FindLiveObjects: 0.487600 ms CreateObjectMapping: 0.149000 ms MarkObjects: 2.907800 ms  DeleteObjects: 0.523700 ms)

Prepare: number of updated asset objects reloaded= 0
AssetImportParameters requested are different than current active one (requested -> active):
  custom:container-demuxer-ogg: 62fdf1f143b41e24485cea50d1cbac27 -> 
  custom:video-codec-MediaFoundation-h265: 746d11721c4dcdbdad8f713fa42b33f4 -> 
  custom:video-decoder-ogg-theora: a1e56fd34408186e4bbccfd4996cb3dc -> 
  custom:framework-win-MediaFoundation: 216162199b28c13a410421893ffa2e32 -> 
  custom:CustomObjectIndexerAttribute: a3ef5dd2817f97addfee359851a9dba5 -> 
  custom:container-demuxer-webm: 4f35f7cbe854078d1ac9338744f61a02 -> 
  custom:container-muxer-webm: aa71ff27fc2769a1b78a27578f13a17b -> 
  custom:video-decoder-webm-vp8: 9c59270c3fd7afecdb556c50c9e8de78 -> 
  custom:AudioImporter_EditorPlatform: d09bf68614088b80899f8185d706f6e7 -> 
  custom:video-encoder-webm-vp8: eb34c28f22e8b96e1ab97ce403110664 -> 
  custom:audio-decoder-ogg-vorbis: bf7c407c2cedff20999df2af8eb42d56 -> 
  custom:audio-encoder-webm-vorbis: bf7c407c2cedff20999df2af8eb42d56 -> 
========================================================================
Received Import Request.
  Time since last request: 1201.426834 seconds.
  path: Assets/HONETi
  artifactKey: Guid(fab9b5227c7eee14f846918db6fcd381) Importer(815301076,1909f56bfc062723c751e8b465ee728b)
Start importing Assets/HONETi using Guid(fab9b5227c7eee14f846918db6fcd381) Importer(815301076,1909f56bfc062723c751e8b465ee728b)  -> (artifact id: '84985230f1df44f974d11b7e1d19a5fd') in 0.002152 seconds
Number of updated asset objects reloaded before import = 0
Number of asset objects unloaded after import = 0
========================================================================
Received Import Request.
  Time since last request: 1.642232 seconds.
  path: Assets/HONETi/Scenes
  artifactKey: Guid(f6fdb57de5adfca4f8fabe82034d90c5) Importer(815301076,1909f56bfc062723c751e8b465ee728b)
Start importing Assets/HONETi/Scenes using Guid(f6fdb57de5adfca4f8fabe82034d90c5) Importer(815301076,1909f56bfc062723c751e8b465ee728b)  -> (artifact id: '493b0db2f7caa5cff7cc4afcc3c05851') in 0.000611 seconds
Number of updated asset objects reloaded before import = 0
Number of asset objects unloaded after import = 0
========================================================================
Received Import Request.
  Time since last request: 1.006506 seconds.
  path: Assets/HONETi/psd ai files
  artifactKey: Guid(8353ff59ce1bf1346adf666506fdc636) Importer(815301076,1909f56bfc062723c751e8b465ee728b)
Start importing Assets/HONETi/psd ai files using Guid(8353ff59ce1bf1346adf666506fdc636) Importer(815301076,1909f56bfc062723c751e8b465ee728b)  -> (artifact id: '52f3b8b4eb78c7a67b2f2c9d9a3887b6') in 0.000576 seconds
Number of updated asset objects reloaded before import = 0
Number of asset objects unloaded after import = 0
========================================================================
Received Import Request.
  Time since last request: 0.040094 seconds.
  path: Assets/HONETi/psd ai files/flat_gui.psd
  artifactKey: Guid(dcde1c56208f8594b8f25d08108e219c) Importer(815301076,1909f56bfc062723c751e8b465ee728b)
Start importing Assets/HONETi/psd ai files/flat_gui.psd using Guid(dcde1c56208f8594b8f25d08108e219c) Importer(815301076,1909f56bfc062723c751e8b465ee728b)  -> (artifact id: '774eae05e72af689c10dbc3b4fabcd92') in 0.003344 seconds
Number of updated asset objects reloaded before import = 0
Number of asset objects unloaded after import = 2
========================================================================
Received Import Request.
  Time since last request: 1.198610 seconds.
  path: Assets/HONETi/flat_gui_elements
  artifactKey: Guid(98a9b5e03c8db8d44bd3a89459c66540) Importer(815301076,1909f56bfc062723c751e8b465ee728b)
Start importing Assets/HONETi/flat_gui_elements using Guid(98a9b5e03c8db8d44bd3a89459c66540) Importer(815301076,1909f56bfc062723c751e8b465ee728b)  -> (artifact id: 'af219bddc77d94ae7b6e48bfa8929616') in 0.000756 seconds
Number of updated asset objects reloaded before import = 0
Number of asset objects unloaded after import = 0
========================================================================
Received Import Request.
  Time since last request: 1.608073 seconds.
  path: Assets/HONETi/flat_gui_elements/bubble
  artifactKey: Guid(3d93ef07e66d07845ae2ec4f5be9c053) Importer(815301076,1909f56bfc062723c751e8b465ee728b)
Start importing Assets/HONETi/flat_gui_elements/bubble using Guid(3d93ef07e66d07845ae2ec4f5be9c053) Importer(815301076,1909f56bfc062723c751e8b465ee728b)  -> (artifact id: 'd21bacd322d23e7839a8a49fdecdeaa7') in 0.000570 seconds
Number of updated asset objects reloaded before import = 0
Number of asset objects unloaded after import = 0
========================================================================
Received Import Request.
  Time since last request: 0.036397 seconds.
  path: Assets/HONETi/flat_gui_elements/bubble/bg.png
  artifactKey: Guid(b39252985c225b444bbf457671937aeb) Importer(815301076,1909f56bfc062723c751e8b465ee728b)
Start importing Assets/HONETi/flat_gui_elements/bubble/bg.png using Guid(b39252985c225b444bbf457671937aeb) Importer(815301076,1909f56bfc062723c751e8b465ee728b)  -> (artifact id: '009996de3b0d5d053a1561b6f9db4f6b') in 0.000967 seconds
Number of updated asset objects reloaded before import = 0
Number of asset objects unloaded after import = 2
========================================================================
Received Import Request.
  Time since last request: 0.003783 seconds.
  path: Assets/HONETi/flat_gui_elements/bubble/fill.png
  artifactKey: Guid(ce71ebb2e781ffe49aa75d492df07d4e) Importer(815301076,1909f56bfc062723c751e8b465ee728b)
Start importing Assets/HONETi/flat_gui_elements/bubble/fill.png using Guid(ce71ebb2e781ffe49aa75d492df07d4e) Importer(815301076,1909f56bfc062723c751e8b465ee728b)  -> (artifact id: '7a5e48baee09e46baa1796cc1c7ac3ff') in 0.001127 seconds
Number of updated asset objects reloaded before import = 0
Number of asset objects unloaded after import = 2
========================================================================
Received Import Request.
  Time since last request: 0.000018 seconds.
  path: Assets/HONETi/flat_gui_elements/bubble/info_bg_2.png
  artifactKey: Guid(5af11bf0dde29ef47a3ed23372cfef2d) Importer(815301076,1909f56bfc062723c751e8b465ee728b)
Start importing Assets/HONETi/flat_gui_elements/bubble/info_bg_2.png using Guid(5af11bf0dde29ef47a3ed23372cfef2d) Importer(815301076,1909f56bfc062723c751e8b465ee728b)  -> (artifact id: '5dbc5b288db26444189bfcd6824eddea') in 0.001026 seconds
Number of updated asset objects reloaded before import = 0
Number of asset objects unloaded after import = 2
========================================================================
Received Import Request.
  Time since last request: 0.000016 seconds.
  path: Assets/HONETi/flat_gui_elements/bubble/info_bg_1.png
  artifactKey: Guid(484a62992fca8bb4196979bd01fc6a3c) Importer(815301076,1909f56bfc062723c751e8b465ee728b)
Start importing Assets/HONETi/flat_gui_elements/bubble/info_bg_1.png using Guid(484a62992fca8bb4196979bd01fc6a3c) Importer(815301076,1909f56bfc062723c751e8b465ee728b)  -> (artifact id: '8db1a904a96cbaeaec73e93700c8ebcf') in 0.001257 seconds
Number of updated asset objects reloaded before import = 0
Number of asset objects unloaded after import = 2
========================================================================
Received Import Request.
  Time since last request: 3.022935 seconds.
  path: Assets/HONETi/flat_gui_elements/buttons_controls
  artifactKey: Guid(fa44cbccd5c006246abb4c8dc546f6f7) Importer(815301076,1909f56bfc062723c751e8b465ee728b)
Start importing Assets/HONETi/flat_gui_elements/buttons_controls using Guid(fa44cbccd5c006246abb4c8dc546f6f7) Importer(815301076,1909f56bfc062723c751e8b465ee728b)  -> (artifact id: '3fd3e121fb79ea55176b683b2e8307f2') in 0.000855 seconds
Number of updated asset objects reloaded before import = 0
Number of asset objects unloaded after import = 0
========================================================================
Received Import Request.
  Time since last request: 1.207669 seconds.
  path: Assets/HONETi/flat_gui_elements/additional_texture_sizes
  artifactKey: Guid(7c2cf14fcc949ac4a8354380058b8a88) Importer(815301076,1909f56bfc062723c751e8b465ee728b)
Start importing Assets/HONETi/flat_gui_elements/additional_texture_sizes using Guid(7c2cf14fcc949ac4a8354380058b8a88) Importer(815301076,1909f56bfc062723c751e8b465ee728b)  -> (artifact id: 'c892ae10d9129070cdd989d1a1decef2') in 0.000589 seconds
Number of updated asset objects reloaded before import = 0
Number of asset objects unloaded after import = 0
========================================================================
Received Import Request.
  Time since last request: 3.803250 seconds.
  path: Assets/HONETi/flat_gui_elements/loading_progress_bars
  artifactKey: Guid(d61b2c785dcbaa542996b0a210efdbe7) Importer(815301076,1909f56bfc062723c751e8b465ee728b)
Start importing Assets/HONETi/flat_gui_elements/loading_progress_bars using Guid(d61b2c785dcbaa542996b0a210efdbe7) Importer(815301076,1909f56bfc062723c751e8b465ee728b)  -> (artifact id: 'f387f40da9835a0922912e14dc73cacc') in 0.000549 seconds
Number of updated asset objects reloaded before import = 0
Number of asset objects unloaded after import = 0
========================================================================
Received Import Request.
  Time since last request: 0.762080 seconds.
  path: Assets/HONETi/flat_gui_elements/panels
  artifactKey: Guid(c4c1d333d62cc9345a968c4b8b57bdd3) Importer(815301076,1909f56bfc062723c751e8b465ee728b)
Start importing Assets/HONETi/flat_gui_elements/panels using Guid(c4c1d333d62cc9345a968c4b8b57bdd3) Importer(815301076,1909f56bfc062723c751e8b465ee728b)  -> (artifact id: '6e50139b1d160c881329e78a2d0a5fad') in 0.000577 seconds
Number of updated asset objects reloaded before import = 0
Number of asset objects unloaded after import = 0
========================================================================
Received Import Request.
  Time since last request: 0.109346 seconds.
  path: Assets/HONETi/flat_gui_elements/panels/action_bar_item_slot.png
  artifactKey: Guid(eef248d53b3f7bb4aa30a403a6cfd41c) Importer(815301076,1909f56bfc062723c751e8b465ee728b)
Start importing Assets/HONETi/flat_gui_elements/panels/action_bar_item_slot.png using Guid(eef248d53b3f7bb4aa30a403a6cfd41c) Importer(815301076,1909f56bfc062723c751e8b465ee728b)  -> (artifact id: 'c6a0dc804fbca5bce15e50035e20d1e0') in 0.001607 seconds
Number of updated asset objects reloaded before import = 0
Number of asset objects unloaded after import = 2
========================================================================
Received Import Request.
  Time since last request: 0.000013 seconds.
  path: Assets/HONETi/flat_gui_elements/panels/universal_panel_2.png
  artifactKey: Guid(0bbded730842b5246afdc4e0b070d0fe) Importer(815301076,1909f56bfc062723c751e8b465ee728b)
Start importing Assets/HONETi/flat_gui_elements/panels/universal_panel_2.png using Guid(0bbded730842b5246afdc4e0b070d0fe) Importer(815301076,1909f56bfc062723c751e8b465ee728b)  -> (artifact id: '529b895ce342067273b91bf14bc46cce') in 0.001436 seconds
Number of updated asset objects reloaded before import = 0
Number of asset objects unloaded after import = 2
========================================================================
Received Import Request.
  Time since last request: 0.000020 seconds.
  path: Assets/HONETi/flat_gui_elements/panels/hint_arrow.png
  artifactKey: Guid(5ede5f1d04a7923489568f86932e01b9) Importer(815301076,1909f56bfc062723c751e8b465ee728b)
Start importing Assets/HONETi/flat_gui_elements/panels/hint_arrow.png using Guid(5ede5f1d04a7923489568f86932e01b9) Importer(815301076,1909f56bfc062723c751e8b465ee728b)  -> (artifact id: '3bd59fa38aabe6d4ea57efa4943f3118') in 0.001173 seconds
Number of updated asset objects reloaded before import = 0
Number of asset objects unloaded after import = 2
========================================================================
Received Import Request.
  Time since last request: 0.000018 seconds.
  path: Assets/HONETi/flat_gui_elements/panels/title_bg.png
  artifactKey: Guid(8239e7b0d9807454bbc2f81bac5fc60c) Importer(815301076,1909f56bfc062723c751e8b465ee728b)
Start importing Assets/HONETi/flat_gui_elements/panels/title_bg.png using Guid(8239e7b0d9807454bbc2f81bac5fc60c) Importer(815301076,1909f56bfc062723c751e8b465ee728b)  -> (artifact id: '05e7159b59a7bf11abe24f5aec93b6d9') in 0.002066 seconds
Number of updated asset objects reloaded before import = 0
Number of asset objects unloaded after import = 2
========================================================================
Received Import Request.
  Time since last request: 0.000013 seconds.
  path: Assets/HONETi/flat_gui_elements/panels/hint_bg.png
  artifactKey: Guid(eda70f2c827352b4ab3ac8c249ba4a0f) Importer(815301076,1909f56bfc062723c751e8b465ee728b)
Start importing Assets/HONETi/flat_gui_elements/panels/hint_bg.png using Guid(eda70f2c827352b4ab3ac8c249ba4a0f) Importer(815301076,1909f56bfc062723c751e8b465ee728b)  -> (artifact id: 'dab7bfca1f1371c7bbc93ffe59132051') in 0.000911 seconds
Number of updated asset objects reloaded before import = 0
Number of asset objects unloaded after import = 2
========================================================================
Received Import Request.
  Time since last request: 15.531714 seconds.
  path: Assets/HONETi/flat_gui_elements/loading_progress_bars/fill.png
  artifactKey: Guid(85a338aefbecb7549a3cbd10b8373ebb) Importer(815301076,1909f56bfc062723c751e8b465ee728b)
Start importing Assets/HONETi/flat_gui_elements/loading_progress_bars/fill.png using Guid(85a338aefbecb7549a3cbd10b8373ebb) Importer(815301076,1909f56bfc062723c751e8b465ee728b)  -> (artifact id: '96dc41a59c554d941e6fa6a5d4adee62') in 0.001804 seconds
Number of updated asset objects reloaded before import = 0
Number of asset objects unloaded after import = 2
========================================================================
Received Import Request.
  Time since last request: 0.000024 seconds.
  path: Assets/HONETi/flat_gui_elements/loading_progress_bars/thin_fill_effect.png
  artifactKey: Guid(fa0eaf70c0d5db14eb2a85a31b70fe5e) Importer(815301076,1909f56bfc062723c751e8b465ee728b)
Start importing Assets/HONETi/flat_gui_elements/loading_progress_bars/thin_fill_effect.png using Guid(fa0eaf70c0d5db14eb2a85a31b70fe5e) Importer(815301076,1909f56bfc062723c751e8b465ee728b)  -> (artifact id: '230caec7931c031bdd28c0afbadb4641') in 0.000998 seconds
Number of updated asset objects reloaded before import = 0
Number of asset objects unloaded after import = 2
========================================================================
Received Import Request.
  Time since last request: 0.000015 seconds.
  path: Assets/HONETi/flat_gui_elements/loading_progress_bars/thin_fill.png
  artifactKey: Guid(ec3807c2213ac8844bc87bf9d0d17ab6) Importer(815301076,1909f56bfc062723c751e8b465ee728b)
Start importing Assets/HONETi/flat_gui_elements/loading_progress_bars/thin_fill.png using Guid(ec3807c2213ac8844bc87bf9d0d17ab6) Importer(815301076,1909f56bfc062723c751e8b465ee728b)  -> (artifact id: '44ba487387cd6979c90357152b281aef') in 0.001348 seconds
Number of updated asset objects reloaded before import = 0
Number of asset objects unloaded after import = 2
========================================================================
Received Import Request.
  Time since last request: 43.729766 seconds.
  path: Assets/HONETi/flat_gui_elements/additional_texture_sizes/level_icons/star.png
  artifactKey: Guid(dec4e0702bd6d8c4b8e83e8fb31e3984) Importer(815301076,1909f56bfc062723c751e8b465ee728b)
Start importing Assets/HONETi/flat_gui_elements/additional_texture_sizes/level_icons/star.png using Guid(dec4e0702bd6d8c4b8e83e8fb31e3984) Importer(815301076,1909f56bfc062723c751e8b465ee728b)  -> (artifact id: '5d24e8154774a1d50159dca9c53d34d6') in 0.000954 seconds
Number of updated asset objects reloaded before import = 0
Number of asset objects unloaded after import = 2
========================================================================
Received Import Request.
  Time since last request: 0.000014 seconds.
  path: Assets/HONETi/flat_gui_elements/additional_texture_sizes/level_icons/star_3_big.png
  artifactKey: Guid(904060aa6224bff4abd583bf8590343d) Importer(815301076,1909f56bfc062723c751e8b465ee728b)
Start importing Assets/HONETi/flat_gui_elements/additional_texture_sizes/level_icons/star_3_big.png using Guid(904060aa6224bff4abd583bf8590343d) Importer(815301076,1909f56bfc062723c751e8b465ee728b)  -> (artifact id: 'fade51bde7da1810ca8797e4150a890a') in 0.001014 seconds
Number of updated asset objects reloaded before import = 0
Number of asset objects unloaded after import = 2
========================================================================
Received Import Request.
  Time since last request: 0.000021 seconds.
  path: Assets/HONETi/flat_gui_elements/additional_texture_sizes/level_icons/star_outline.png
  artifactKey: Guid(9236ff69b8e6bf147a5629f88aa5bde9) Importer(815301076,1909f56bfc062723c751e8b465ee728b)
Start importing Assets/HONETi/flat_gui_elements/additional_texture_sizes/level_icons/star_outline.png using Guid(9236ff69b8e6bf147a5629f88aa5bde9) Importer(815301076,1909f56bfc062723c751e8b465ee728b)  -> (artifact id: '3c541b75edf7b084d6b6fc46296c7d74') in 0.000735 seconds
Number of updated asset objects reloaded before import = 0
Number of asset objects unloaded after import = 2
========================================================================
Received Import Request.
  Time since last request: 1.246333 seconds.
  path: Assets/HONETi/flat_gui_elements/additional_texture_sizes/loading_progress_bars/fill.png
  artifactKey: Guid(3ec2b7fa04d00344284d753015606b0a) Importer(815301076,1909f56bfc062723c751e8b465ee728b)
Start importing Assets/HONETi/flat_gui_elements/additional_texture_sizes/loading_progress_bars/fill.png using Guid(3ec2b7fa04d00344284d753015606b0a) Importer(815301076,1909f56bfc062723c751e8b465ee728b)  -> (artifact id: 'afe3f1f9cf43235dc4feff164179e26d') in 0.001107 seconds
Number of updated asset objects reloaded before import = 0
Number of asset objects unloaded after import = 2
========================================================================
Received Import Request.
  Time since last request: 0.000012 seconds.
  path: Assets/HONETi/flat_gui_elements/additional_texture_sizes/loading_progress_bars/thin_bg.png
  artifactKey: Guid(73c30828f7494dd4785aada31866a512) Importer(815301076,1909f56bfc062723c751e8b465ee728b)
Start importing Assets/HONETi/flat_gui_elements/additional_texture_sizes/loading_progress_bars/thin_bg.png using Guid(73c30828f7494dd4785aada31866a512) Importer(815301076,1909f56bfc062723c751e8b465ee728b)  -> (artifact id: '53df41d9f673563ff3abafb4a018215a') in 0.000971 seconds
Number of updated asset objects reloaded before import = 0
Number of asset objects unloaded after import = 2
========================================================================
Received Import Request.
  Time since last request: 0.000012 seconds.
  path: Assets/HONETi/flat_gui_elements/additional_texture_sizes/loading_progress_bars/fill_effect.png
  artifactKey: Guid(21f9beec05e396a4e949b7f5d24a15a9) Importer(815301076,1909f56bfc062723c751e8b465ee728b)
Start importing Assets/HONETi/flat_gui_elements/additional_texture_sizes/loading_progress_bars/fill_effect.png using Guid(21f9beec05e396a4e949b7f5d24a15a9) Importer(815301076,1909f56bfc062723c751e8b465ee728b)  -> (artifact id: 'a032e76fb99e12d0a1162df7192b36c6') in 0.000981 seconds
Number of updated asset objects reloaded before import = 0
Number of asset objects unloaded after import = 2
========================================================================
Received Import Request.
  Time since last request: 62.694813 seconds.
  path: Assets/HONETi/flat_gui_elements/icons_ items/128x128px/air.png
  artifactKey: Guid(98c9e9246adf753418d2f1c484b8bc1b) Importer(815301076,1909f56bfc062723c751e8b465ee728b)
Start importing Assets/HONETi/flat_gui_elements/icons_ items/128x128px/air.png using Guid(98c9e9246adf753418d2f1c484b8bc1b) Importer(815301076,1909f56bfc062723c751e8b465ee728b)  -> (artifact id: '77a7654bbb754d27c76bc4235b2e127e') in 0.000989 seconds
Number of updated asset objects reloaded before import = 0
Number of asset objects unloaded after import = 2
========================================================================
Received Import Request.
  Time since last request: 0.003648 seconds.
  path: Assets/HONETi/flat_gui_elements/icons_ items/256x256px/air.png
  artifactKey: Guid(e8e7228802c81984ab02dcca4ba39c51) Importer(815301076,1909f56bfc062723c751e8b465ee728b)
Start importing Assets/HONETi/flat_gui_elements/icons_ items/256x256px/air.png using Guid(e8e7228802c81984ab02dcca4ba39c51) Importer(815301076,1909f56bfc062723c751e8b465ee728b)  -> (artifact id: '38c6d76c5046b6bcce110fc30d9c9d7d') in 0.001172 seconds
Number of updated asset objects reloaded before import = 0
Number of asset objects unloaded after import = 2
========================================================================
Received Import Request.
  Time since last request: 0.000016 seconds.
  path: Assets/HONETi/flat_gui_elements/icons_ items/32x32px/amulet.png
  artifactKey: Guid(1fac40617beccbd418fa184a99b06e51) Importer(815301076,1909f56bfc062723c751e8b465ee728b)
Start importing Assets/HONETi/flat_gui_elements/icons_ items/32x32px/amulet.png using Guid(1fac40617beccbd418fa184a99b06e51) Importer(815301076,1909f56bfc062723c751e8b465ee728b)  -> (artifact id: '920e123771e535d118cb99a7a398694c') in 0.000916 seconds
Number of updated asset objects reloaded before import = 0
Number of asset objects unloaded after import = 2
========================================================================
Received Import Request.
  Time since last request: 0.000011 seconds.
  path: Assets/HONETi/flat_gui_elements/icons_ items/256x256px/amulet.png
  artifactKey: Guid(65deea7bd2ae95d4bae732391f041348) Importer(815301076,1909f56bfc062723c751e8b465ee728b)
Start importing Assets/HONETi/flat_gui_elements/icons_ items/256x256px/amulet.png using Guid(65deea7bd2ae95d4bae732391f041348) Importer(815301076,1909f56bfc062723c751e8b465ee728b)  -> (artifact id: 'e0ba529c6ec12ae8c36f7dff1e4763f5') in 0.001185 seconds
Number of updated asset objects reloaded before import = 0
Number of asset objects unloaded after import = 2
========================================================================
Received Import Request.
  Time since last request: 0.000013 seconds.
  path: Assets/HONETi/flat_gui_elements/icons_ items/512x512px/amulet.png
  artifactKey: Guid(0d30633b8a4af8e46a575c756ae30021) Importer(815301076,1909f56bfc062723c751e8b465ee728b)
Start importing Assets/HONETi/flat_gui_elements/icons_ items/512x512px/amulet.png using Guid(0d30633b8a4af8e46a575c756ae30021) Importer(815301076,1909f56bfc062723c751e8b465ee728b)  -> (artifact id: '9ea2312ecedc616559ddca1fa4ec0fdb') in 0.001198 seconds
Number of updated asset objects reloaded before import = 0
Number of asset objects unloaded after import = 2
========================================================================
Received Import Request.
  Time since last request: 0.000013 seconds.
  path: Assets/HONETi/flat_gui_elements/icons_ items/128x128px/ammunition.png
  artifactKey: Guid(c73fb1c9799d0b34a8cdd72800c43965) Importer(815301076,1909f56bfc062723c751e8b465ee728b)
Start importing Assets/HONETi/flat_gui_elements/icons_ items/128x128px/ammunition.png using Guid(c73fb1c9799d0b34a8cdd72800c43965) Importer(815301076,1909f56bfc062723c751e8b465ee728b)  -> (artifact id: 'be71dece73e4b410003d51deb159842f') in 0.001376 seconds
Number of updated asset objects reloaded before import = 0
Number of asset objects unloaded after import = 2
========================================================================
Received Import Request.
  Time since last request: 0.000014 seconds.
  path: Assets/HONETi/flat_gui_elements/icons_ items/32x32px/ammunition.png
  artifactKey: Guid(1b4becbf34fbf0c49bd5df46763cd427) Importer(815301076,1909f56bfc062723c751e8b465ee728b)
Start importing Assets/HONETi/flat_gui_elements/icons_ items/32x32px/ammunition.png using Guid(1b4becbf34fbf0c49bd5df46763cd427) Importer(815301076,1909f56bfc062723c751e8b465ee728b)  -> (artifact id: '16f30bbdbf4d28309f46ae621bfd1b36') in 0.000917 seconds
Number of updated asset objects reloaded before import = 0
Number of asset objects unloaded after import = 2
========================================================================
Received Import Request.
  Time since last request: 0.000018 seconds.
  path: Assets/HONETi/flat_gui_elements/icons_ items/64x64px/amulet.png
  artifactKey: Guid(0a24ff529374eb34a8216425e3fd4d91) Importer(815301076,1909f56bfc062723c751e8b465ee728b)
Start importing Assets/HONETi/flat_gui_elements/icons_ items/64x64px/amulet.png using Guid(0a24ff529374eb34a8216425e3fd4d91) Importer(815301076,1909f56bfc062723c751e8b465ee728b)  -> (artifact id: '3966e88bd6cc8fa72705e3cc7f029046') in 0.000897 seconds
Number of updated asset objects reloaded before import = 0
Number of asset objects unloaded after import = 2
========================================================================
Received Import Request.
  Time since last request: 0.000014 seconds.
  path: Assets/HONETi/flat_gui_elements/icons_ items/512x512px/air.png
  artifactKey: Guid(1243f1a769857594283f27712b965430) Importer(815301076,1909f56bfc062723c751e8b465ee728b)
Start importing Assets/HONETi/flat_gui_elements/icons_ items/512x512px/air.png using Guid(1243f1a769857594283f27712b965430) Importer(815301076,1909f56bfc062723c751e8b465ee728b)  -> (artifact id: '891baebf8c7b476841048f25daef4ee9') in 0.000984 seconds
Number of updated asset objects reloaded before import = 0
Number of asset objects unloaded after import = 2
========================================================================
Received Import Request.
  Time since last request: 222.384478 seconds.
  path: Assets/HONETi/flat_gui_elements/level_icons
  artifactKey: Guid(5431b022c383e7d47ae14a26b5564fbc) Importer(815301076,1909f56bfc062723c751e8b465ee728b)
Start importing Assets/HONETi/flat_gui_elements/level_icons using Guid(5431b022c383e7d47ae14a26b5564fbc) Importer(815301076,1909f56bfc062723c751e8b465ee728b)  -> (artifact id: '17168ed724346f568e3513ec1a119494') in 0.000453 seconds
Number of updated asset objects reloaded before import = 0
Number of asset objects unloaded after import = 0
========================================================================
Received Import Request.
  Time since last request: 0.041748 seconds.
  path: Assets/HONETi/flat_gui_elements/level_icons/face.png
  artifactKey: Guid(9f99a3048ec1c0846a4f3d4f2eec3c84) Importer(815301076,1909f56bfc062723c751e8b465ee728b)
Start importing Assets/HONETi/flat_gui_elements/level_icons/face.png using Guid(9f99a3048ec1c0846a4f3d4f2eec3c84) Importer(815301076,1909f56bfc062723c751e8b465ee728b)  -> (artifact id: '59f9085a7459eaff5a9678f9cdbbfdf7') in 0.000999 seconds
Number of updated asset objects reloaded before import = 0
Number of asset objects unloaded after import = 2
========================================================================
Received Import Request.
  Time since last request: 0.003565 seconds.
  path: Assets/HONETi/flat_gui_elements/level_icons/star_3.png
  artifactKey: Guid(248de2b03c8fe7c4581e67e0e032d08b) Importer(815301076,1909f56bfc062723c751e8b465ee728b)
Start importing Assets/HONETi/flat_gui_elements/level_icons/star_3.png using Guid(248de2b03c8fe7c4581e67e0e032d08b) Importer(815301076,1909f56bfc062723c751e8b465ee728b)  -> (artifact id: 'fdefa66130c61da2f08d12c07276b1ab') in 0.001177 seconds
Number of updated asset objects reloaded before import = 0
Number of asset objects unloaded after import = 2
========================================================================
Received Import Request.
  Time since last request: 0.000018 seconds.
  path: Assets/HONETi/flat_gui_elements/level_icons/star_3_big.png
  artifactKey: Guid(690f810c938124e47b929bff1825aaaf) Importer(815301076,1909f56bfc062723c751e8b465ee728b)
Start importing Assets/HONETi/flat_gui_elements/level_icons/star_3_big.png using Guid(690f810c938124e47b929bff1825aaaf) Importer(815301076,1909f56bfc062723c751e8b465ee728b)  -> (artifact id: 'a084ec4202053b949538d36eb05e8eb6') in 0.001023 seconds
Number of updated asset objects reloaded before import = 0
Number of asset objects unloaded after import = 2
========================================================================
Received Import Request.
  Time since last request: 0.000017 seconds.
  path: Assets/HONETi/flat_gui_elements/level_icons/star_2_big.png
  artifactKey: Guid(220ee5f9042a41648a6582b601b363f7) Importer(815301076,1909f56bfc062723c751e8b465ee728b)
Start importing Assets/HONETi/flat_gui_elements/level_icons/star_2_big.png using Guid(220ee5f9042a41648a6582b601b363f7) Importer(815301076,1909f56bfc062723c751e8b465ee728b)  -> (artifact id: '15d03cfae5ef97d6cb5e8f62de7425d4') in 0.000837 seconds
Number of updated asset objects reloaded before import = 0
Number of asset objects unloaded after import = 2
Editor requested this worker to shutdown with reason: Scaling down because of idle timeout
TcpMessagingSession - receive error: operation aborted. errorcode: 995, details:        I/O  .
AssetImportWorker is now disconnected from the server
Process exiting
Exiting without the bug reporter. Application will terminate with return code 0