Using pre-set license
Built from '2022.3/staging' branch; Version is '2022.3.4f1 (35713cd46cd7) revision 3502396'; Using compiler version '192829333'; Build Type 'Release'
OS: 'Windows 11  (10.0.22621) 64bit Professional' Language: 'ko' Physical Memory: 24464 MB
BatchMode: 1, IsHumanControllingUs: 0, StartBugReporterOnCrash: 0, Is64bit: 1, IsPro: 1

COMMAND LINE ARGUMENTS:
C:\Program Files\Unity 2022.3.4f1\Editor\Unity.exe
-adb2
-batchMode
-noUpm
-name
AssetImportWorker3
-projectPath
D:/unity/TPS_SoloProject
-logFile
Logs/AssetImportWorker3.log
-srvPort
56133
Successfully changed project path to: D:/unity/TPS_SoloProject
D:/unity/TPS_SoloProject
[UnityMemory] Configuration Parameters - Can be set up in boot.config
    "memorysetup-bucket-allocator-granularity=16"
    "memorysetup-bucket-allocator-bucket-count=8"
    "memorysetup-bucket-allocator-block-size=33554432"
    "memorysetup-bucket-allocator-block-count=8"
    "memorysetup-main-allocator-block-size=16777216"
    "memorysetup-thread-allocator-block-size=16777216"
    "memorysetup-gfx-main-allocator-block-size=16777216"
    "memorysetup-gfx-thread-allocator-block-size=16777216"
    "memorysetup-cache-allocator-block-size=4194304"
    "memorysetup-typetree-allocator-block-size=2097152"
    "memorysetup-profiler-bucket-allocator-granularity=16"
    "memorysetup-profiler-bucket-allocator-bucket-count=8"
    "memorysetup-profiler-bucket-allocator-block-size=33554432"
    "memorysetup-profiler-bucket-allocator-block-count=8"
    "memorysetup-profiler-allocator-block-size=16777216"
    "memorysetup-profiler-editor-allocator-block-size=1048576"
    "memorysetup-temp-allocator-size-main=16777216"
    "memorysetup-job-temp-allocator-block-size=2097152"
    "memorysetup-job-temp-allocator-block-size-background=1048576"
    "memorysetup-job-temp-allocator-reduction-small-platforms=262144"
    "memorysetup-allocator-temp-initial-block-size-main=262144"
    "memorysetup-allocator-temp-initial-block-size-worker=262144"
    "memorysetup-temp-allocator-size-background-worker=32768"
    "memorysetup-temp-allocator-size-job-worker=262144"
    "memorysetup-temp-allocator-size-preload-manager=33554432"
    "memorysetup-temp-allocator-size-nav-mesh-worker=65536"
    "memorysetup-temp-allocator-size-audio-worker=65536"
    "memorysetup-temp-allocator-size-cloud-worker=32768"
    "memorysetup-temp-allocator-size-gi-baking-worker=262144"
    "memorysetup-temp-allocator-size-gfx=262144"
Player connection [20696] Host "[IP] 192.168.0.11 [Port] 0 [Flags] 2 [Guid] 3914821621 [EditorId] 3914821621 [Version] 1048832 [Id] WindowsEditor(7,DESKTOP-6L5JQJ2) [Debug] 1 [PackageName] WindowsEditor [ProjectName] Editor" joined multi-casting on [225.0.0.222:54997]...

Player connection [20696] Host "[IP] 192.168.0.11 [Port] 0 [Flags] 2 [Guid] 3914821621 [EditorId] 3914821621 [Version] 1048832 [Id] WindowsEditor(7,DESKTOP-6L5JQJ2) [Debug] 1 [PackageName] WindowsEditor [ProjectName] Editor" joined alternative multi-casting on [225.0.0.222:34997]...

Refreshing native plugins compatible for Editor in 7.27 ms, found 3 plugins.
Preloading 0 native plugins for Editor in 0.00 ms.
Initialize engine version: 2022.3.4f1 (35713cd46cd7)
[Subsystems] Discovering subsystems at path C:/Program Files/Unity 2022.3.4f1/Editor/Data/Resources/UnitySubsystems
[Subsystems] Discovering subsystems at path D:/unity/TPS_SoloProject/Assets
GfxDevice: creating device client; threaded=0; jobified=0
Direct3D:
    Version:  Direct3D 11.0 [level 11.1]
    Renderer: Radeon RX 570 Series (ID=0x67df)
    Vendor:   ATI
    VRAM:     8135 MB
    Driver:   31.0.14057.5006
Shader Hidden/ProbeVolume/VoxelizeScene is not supported: GPU does not support conservative rasterization
Shader 'NOT_Lonely/NOT_Lonely_PBRDecals': fallback shader 'Decal/Transparent Diffuse' not found
Initialize mono
Mono path[0] = 'C:/Program Files/Unity 2022.3.4f1/Editor/Data/Managed'
Mono path[1] = 'C:/Program Files/Unity 2022.3.4f1/Editor/Data/MonoBleedingEdge/lib/mono/unityjit-win32'
Mono config path = 'C:/Program Files/Unity 2022.3.4f1/Editor/Data/MonoBleedingEdge/etc'
Using monoOptions --debugger-agent=transport=dt_socket,embedding=1,server=y,suspend=n,address=127.0.0.1:56676
Begin MonoManager ReloadAssembly
Registering precompiled unity dll's ...
Register platform support module: C:/Program Files/Unity 2022.3.4f1/Editor/Data/PlaybackEngines/WindowsStandaloneSupport/UnityEditor.WindowsStandalone.Extensions.dll
Registered in 0.005009 seconds.
- Loaded All Assemblies, in  0.298 seconds
Native extension for WindowsStandalone target not found
Mono: successfully reloaded assembly
- Finished resetting the current domain, in  0.237 seconds
Domain Reload Profiling: 534ms
	BeginReloadAssembly (81ms)
		ExecutionOrderSort (0ms)
		DisableScriptedObjects (0ms)
		BackupInstance (0ms)
		ReleaseScriptingObjects (0ms)
		CreateAndSetChildDomain (1ms)
	RebuildCommonClasses (29ms)
	RebuildNativeTypeToScriptingClass (9ms)
	initialDomainReloadingComplete (53ms)
	LoadAllAssembliesAndSetupDomain (125ms)
		LoadAssemblies (78ms)
		RebuildTransferFunctionScriptingTraits (0ms)
		AnalyzeDomain (119ms)
			TypeCache.Refresh (118ms)
				TypeCache.ScanAssembly (106ms)
			ScanForSourceGeneratedMonoScriptInfo (0ms)
			ResolveRequiredComponents (0ms)
	FinalizeReload (238ms)
		ReleaseScriptCaches (0ms)
		RebuildScriptCaches (0ms)
		SetupLoadedEditorAssemblies (184ms)
			LogAssemblyErrors (0ms)
			InitializePlatformSupportModulesInManaged (7ms)
			SetLoadedEditorAssemblies (6ms)
			RefreshPlugins (0ms)
			BeforeProcessingInitializeOnLoad (2ms)
			ProcessInitializeOnLoadAttributes (126ms)
			ProcessInitializeOnLoadMethodAttributes (43ms)
			AfterProcessingInitializeOnLoad (0ms)
			EditorAssembliesLoaded (0ms)
		ExecutionOrderSort2 (0ms)
		AwakeInstancesAfterBackupRestoration (0ms)
========================================================================
Worker process is ready to serve import requests
Begin MonoManager ReloadAssembly
Symbol file LoadedFromMemory doesn't match image D:\unity\TPS_SoloProject\Library\PackageCache\com.unity.visualscripting@1.8.0\Editor\VisualScripting.Core\Dependencies\YamlDotNet\Unity.VisualScripting.YamlDotNet.dll
Symbol file LoadedFromMemory doesn't match image D:\unity\TPS_SoloProject\Library\PackageCache\com.unity.visualscripting@1.8.0\Editor\VisualScripting.Core\Dependencies\DotNetZip\Unity.VisualScripting.IonicZip.dll
- Loaded All Assemblies, in  0.688 seconds
Refreshing native plugins compatible for Editor in 2.44 ms, found 3 plugins.
Native extension for WindowsStandalone target not found
[MODES] ModeService[none].Initialize
[MODES] ModeService[none].LoadModes
[MODES] Loading mode Default (0) for mode-current-id-TPS
Mono: successfully reloaded assembly
- Finished resetting the current domain, in  0.653 seconds
Domain Reload Profiling: 1339ms
	BeginReloadAssembly (118ms)
		ExecutionOrderSort (0ms)
		DisableScriptedObjects (4ms)
		BackupInstance (0ms)
		ReleaseScriptingObjects (0ms)
		CreateAndSetChildDomain (22ms)
	RebuildCommonClasses (37ms)
	RebuildNativeTypeToScriptingClass (10ms)
	initialDomainReloadingComplete (38ms)
	LoadAllAssembliesAndSetupDomain (484ms)
		LoadAssemblies (230ms)
		RebuildTransferFunctionScriptingTraits (0ms)
		AnalyzeDomain (308ms)
			TypeCache.Refresh (274ms)
				TypeCache.ScanAssembly (263ms)
			ScanForSourceGeneratedMonoScriptInfo (23ms)
			ResolveRequiredComponents (11ms)
	FinalizeReload (653ms)
		ReleaseScriptCaches (0ms)
		RebuildScriptCaches (0ms)
		SetupLoadedEditorAssemblies (485ms)
			LogAssemblyErrors (0ms)
			InitializePlatformSupportModulesInManaged (5ms)
			SetLoadedEditorAssemblies (2ms)
			RefreshPlugins (0ms)
			BeforeProcessingInitializeOnLoad (75ms)
			ProcessInitializeOnLoadAttributes (334ms)
			ProcessInitializeOnLoadMethodAttributes (62ms)
			AfterProcessingInitializeOnLoad (6ms)
			EditorAssembliesLoaded (0ms)
		ExecutionOrderSort2 (0ms)
		AwakeInstancesAfterBackupRestoration (5ms)
Shader 'NOT_Lonely/NOT_Lonely_PBRDecals': fallback shader 'Decal/Transparent Diffuse' not found
Shader Hidden/ProbeVolume/VoxelizeScene is not supported: GPU does not support conservative rasterization
Launched and connected shader compiler UnityShaderCompiler.exe after 0.04 seconds
Refreshing native plugins compatible for Editor in 1.88 ms, found 3 plugins.
Preloading 0 native plugins for Editor in 0.00 ms.
Unloading 5958 Unused Serialized files (Serialized files now loaded: 0)
Unloading 89 unused Assets / (1.6 MB). Loaded Objects now: 6420.
Memory consumption went from 244.7 MB to 243.1 MB.
Total: 4.571500 ms (FindLiveObjects: 0.573200 ms CreateObjectMapping: 0.248600 ms MarkObjects: 3.044200 ms  DeleteObjects: 0.704800 ms)

AssetImportParameters requested are different than current active one (requested -> active):
  custom:container-demuxer-ogg: 62fdf1f143b41e24485cea50d1cbac27 -> 
  custom:video-codec-MediaFoundation-h265: 746d11721c4dcdbdad8f713fa42b33f4 -> 
  custom:video-decoder-ogg-theora: a1e56fd34408186e4bbccfd4996cb3dc -> 
  custom:framework-win-MediaFoundation: 216162199b28c13a410421893ffa2e32 -> 
  custom:CustomObjectIndexerAttribute: a3ef5dd2817f97addfee359851a9dba5 -> 
  custom:container-demuxer-webm: 4f35f7cbe854078d1ac9338744f61a02 -> 
  custom:container-muxer-webm: aa71ff27fc2769a1b78a27578f13a17b -> 
  custom:video-decoder-webm-vp8: 9c59270c3fd7afecdb556c50c9e8de78 -> 
  custom:AudioImporter_EditorPlatform: d09bf68614088b80899f8185d706f6e7 -> 
  custom:video-encoder-webm-vp8: eb34c28f22e8b96e1ab97ce403110664 -> 
  custom:audio-decoder-ogg-vorbis: bf7c407c2cedff20999df2af8eb42d56 -> 
  custom:audio-encoder-webm-vorbis: bf7c407c2cedff20999df2af8eb42d56 -> 
========================================================================
Received Prepare
Begin MonoManager ReloadAssembly
Symbol file LoadedFromMemory doesn't match image D:\unity\TPS_SoloProject\Library\PackageCache\com.unity.visualscripting@1.8.0\Editor\VisualScripting.Core\Dependencies\YamlDotNet\Unity.VisualScripting.YamlDotNet.dll
Symbol file LoadedFromMemory doesn't match image D:\unity\TPS_SoloProject\Library\PackageCache\com.unity.visualscripting@1.8.0\Editor\VisualScripting.Core\Dependencies\DotNetZip\Unity.VisualScripting.IonicZip.dll
- Loaded All Assemblies, in  0.675 seconds
Refreshing native plugins compatible for Editor in 1.85 ms, found 3 plugins.
Native extension for WindowsStandalone target not found
[MODES] ModeService[none].Initialize
[MODES] ModeService[none].LoadModes
[MODES] Loading mode Default (0) for mode-current-id-TPS
Mono: successfully reloaded assembly
- Finished resetting the current domain, in  0.962 seconds
Domain Reload Profiling: 1635ms
	BeginReloadAssembly (144ms)
		ExecutionOrderSort (0ms)
		DisableScriptedObjects (5ms)
		BackupInstance (0ms)
		ReleaseScriptingObjects (0ms)
		CreateAndSetChildDomain (50ms)
	RebuildCommonClasses (25ms)
	RebuildNativeTypeToScriptingClass (10ms)
	initialDomainReloadingComplete (26ms)
	LoadAllAssembliesAndSetupDomain (467ms)
		LoadAssemblies (213ms)
		RebuildTransferFunctionScriptingTraits (0ms)
		AnalyzeDomain (307ms)
			TypeCache.Refresh (291ms)
				TypeCache.ScanAssembly (276ms)
			ScanForSourceGeneratedMonoScriptInfo (5ms)
			ResolveRequiredComponents (11ms)
	FinalizeReload (963ms)
		ReleaseScriptCaches (0ms)
		RebuildScriptCaches (0ms)
		SetupLoadedEditorAssemblies (447ms)
			LogAssemblyErrors (0ms)
			InitializePlatformSupportModulesInManaged (4ms)
			SetLoadedEditorAssemblies (3ms)
			RefreshPlugins (0ms)
			BeforeProcessingInitializeOnLoad (66ms)
			ProcessInitializeOnLoadAttributes (302ms)
			ProcessInitializeOnLoadMethodAttributes (63ms)
			AfterProcessingInitializeOnLoad (8ms)
			EditorAssembliesLoaded (0ms)
		ExecutionOrderSort2 (0ms)
		AwakeInstancesAfterBackupRestoration (17ms)
Shader 'NOT_Lonely/NOT_Lonely_PBRDecals': fallback shader 'Decal/Transparent Diffuse' not found
Shader Hidden/ProbeVolume/VoxelizeScene is not supported: GPU does not support conservative rasterization
Refreshing native plugins compatible for Editor in 2.45 ms, found 3 plugins.
Preloading 0 native plugins for Editor in 0.00 ms.
Unloading 5773 Unused Serialized files (Serialized files now loaded: 0)
Unloading 52 unused Assets / (1.6 MB). Loaded Objects now: 6437.
Memory consumption went from 210.9 MB to 209.3 MB.
Total: 5.355800 ms (FindLiveObjects: 0.639000 ms CreateObjectMapping: 0.219500 ms MarkObjects: 3.873500 ms  DeleteObjects: 0.622400 ms)

Prepare: number of updated asset objects reloaded= 0
AssetImportParameters requested are different than current active one (requested -> active):
  custom:container-demuxer-ogg: 62fdf1f143b41e24485cea50d1cbac27 -> 
  custom:video-codec-MediaFoundation-h265: 746d11721c4dcdbdad8f713fa42b33f4 -> 
  custom:video-decoder-ogg-theora: a1e56fd34408186e4bbccfd4996cb3dc -> 
  custom:framework-win-MediaFoundation: 216162199b28c13a410421893ffa2e32 -> 
  custom:CustomObjectIndexerAttribute: a3ef5dd2817f97addfee359851a9dba5 -> 
  custom:container-demuxer-webm: 4f35f7cbe854078d1ac9338744f61a02 -> 
  custom:container-muxer-webm: aa71ff27fc2769a1b78a27578f13a17b -> 
  custom:video-decoder-webm-vp8: 9c59270c3fd7afecdb556c50c9e8de78 -> 
  custom:AudioImporter_EditorPlatform: d09bf68614088b80899f8185d706f6e7 -> 
  custom:video-encoder-webm-vp8: eb34c28f22e8b96e1ab97ce403110664 -> 
  custom:audio-decoder-ogg-vorbis: bf7c407c2cedff20999df2af8eb42d56 -> 
  custom:audio-encoder-webm-vorbis: bf7c407c2cedff20999df2af8eb42d56 -> 
========================================================================
Received Prepare
Begin MonoManager ReloadAssembly
Symbol file LoadedFromMemory doesn't match image D:\unity\TPS_SoloProject\Library\PackageCache\com.unity.visualscripting@1.8.0\Editor\VisualScripting.Core\Dependencies\YamlDotNet\Unity.VisualScripting.YamlDotNet.dll
Symbol file LoadedFromMemory doesn't match image D:\unity\TPS_SoloProject\Library\PackageCache\com.unity.visualscripting@1.8.0\Editor\VisualScripting.Core\Dependencies\DotNetZip\Unity.VisualScripting.IonicZip.dll
- Loaded All Assemblies, in  0.583 seconds
Refreshing native plugins compatible for Editor in 1.91 ms, found 3 plugins.
Native extension for WindowsStandalone target not found
[MODES] ModeService[none].Initialize
[MODES] ModeService[none].LoadModes
[MODES] Loading mode Default (0) for mode-current-id-TPS
Mono: successfully reloaded assembly
- Finished resetting the current domain, in  0.926 seconds
Domain Reload Profiling: 1508ms
	BeginReloadAssembly (134ms)
		ExecutionOrderSort (0ms)
		DisableScriptedObjects (5ms)
		BackupInstance (0ms)
		ReleaseScriptingObjects (0ms)
		CreateAndSetChildDomain (47ms)
	RebuildCommonClasses (25ms)
	RebuildNativeTypeToScriptingClass (8ms)
	initialDomainReloadingComplete (25ms)
	LoadAllAssembliesAndSetupDomain (389ms)
		LoadAssemblies (197ms)
		RebuildTransferFunctionScriptingTraits (0ms)
		AnalyzeDomain (240ms)
			TypeCache.Refresh (230ms)
				TypeCache.ScanAssembly (219ms)
			ScanForSourceGeneratedMonoScriptInfo (0ms)
			ResolveRequiredComponents (10ms)
	FinalizeReload (927ms)
		ReleaseScriptCaches (0ms)
		RebuildScriptCaches (0ms)
		SetupLoadedEditorAssemblies (413ms)
			LogAssemblyErrors (0ms)
			InitializePlatformSupportModulesInManaged (5ms)
			SetLoadedEditorAssemblies (3ms)
			RefreshPlugins (0ms)
			BeforeProcessingInitializeOnLoad (84ms)
			ProcessInitializeOnLoadAttributes (258ms)
			ProcessInitializeOnLoadMethodAttributes (57ms)
			AfterProcessingInitializeOnLoad (5ms)
			EditorAssembliesLoaded (0ms)
		ExecutionOrderSort2 (0ms)
		AwakeInstancesAfterBackupRestoration (15ms)
Shader 'NOT_Lonely/NOT_Lonely_PBRDecals': fallback shader 'Decal/Transparent Diffuse' not found
Shader Hidden/ProbeVolume/VoxelizeScene is not supported: GPU does not support conservative rasterization
Refreshing native plugins compatible for Editor in 1.89 ms, found 3 plugins.
Preloading 0 native plugins for Editor in 0.00 ms.
Unloading 5773 Unused Serialized files (Serialized files now loaded: 0)
Unloading 52 unused Assets / (1.6 MB). Loaded Objects now: 6454.
Memory consumption went from 211.0 MB to 209.4 MB.
Total: 4.223200 ms (FindLiveObjects: 0.463100 ms CreateObjectMapping: 0.255300 ms MarkObjects: 2.987500 ms  DeleteObjects: 0.516000 ms)

Prepare: number of updated asset objects reloaded= 0
AssetImportParameters requested are different than current active one (requested -> active):
  custom:container-demuxer-ogg: 62fdf1f143b41e24485cea50d1cbac27 -> 
  custom:video-codec-MediaFoundation-h265: 746d11721c4dcdbdad8f713fa42b33f4 -> 
  custom:video-decoder-ogg-theora: a1e56fd34408186e4bbccfd4996cb3dc -> 
  custom:framework-win-MediaFoundation: 216162199b28c13a410421893ffa2e32 -> 
  custom:CustomObjectIndexerAttribute: a3ef5dd2817f97addfee359851a9dba5 -> 
  custom:container-demuxer-webm: 4f35f7cbe854078d1ac9338744f61a02 -> 
  custom:container-muxer-webm: aa71ff27fc2769a1b78a27578f13a17b -> 
  custom:video-decoder-webm-vp8: 9c59270c3fd7afecdb556c50c9e8de78 -> 
  custom:AudioImporter_EditorPlatform: d09bf68614088b80899f8185d706f6e7 -> 
  custom:video-encoder-webm-vp8: eb34c28f22e8b96e1ab97ce403110664 -> 
  custom:audio-decoder-ogg-vorbis: bf7c407c2cedff20999df2af8eb42d56 -> 
  custom:audio-encoder-webm-vorbis: bf7c407c2cedff20999df2af8eb42d56 -> 
========================================================================
Received Import Request.
  Time since last request: 99552.801480 seconds.
  path: Assets/Sounds/Firearms/Handling/HANDLING_9mm_Ammo_Cardboard_Box_Open_mono.wav
  artifactKey: Guid(fa4bec58c8e06604cb066a2e179142ff) Importer(815301076,1909f56bfc062723c751e8b465ee728b)
Start importing Assets/Sounds/Firearms/Handling/HANDLING_9mm_Ammo_Cardboard_Box_Open_mono.wav using Guid(fa4bec58c8e06604cb066a2e179142ff) Importer(815301076,1909f56bfc062723c751e8b465ee728b)  -> (artifact id: '05c1ea259c0571b1c337d86398c2ab78') in 0.013320 seconds
Number of updated asset objects reloaded before import = 0
Number of asset objects unloaded after import = 1
========================================================================
Received Import Request.
  Time since last request: 0.008122 seconds.
  path: Assets/Sounds/Firearms/Handling/HANDLING_B_FS92_9mm_Chamber_Round_with_Slider_Release_mono.wav
  artifactKey: Guid(65931400e1923504cbdf860a7b286754) Importer(815301076,1909f56bfc062723c751e8b465ee728b)
Start importing Assets/Sounds/Firearms/Handling/HANDLING_B_FS92_9mm_Chamber_Round_with_Slider_Release_mono.wav using Guid(65931400e1923504cbdf860a7b286754) Importer(815301076,1909f56bfc062723c751e8b465ee728b)  -> (artifact id: 'cca24dd7b29fdfc24ed3a5e2d09e9c4b') in 0.000723 seconds
Number of updated asset objects reloaded before import = 0
Number of asset objects unloaded after import = 1
========================================================================
Received Import Request.
  Time since last request: 0.000017 seconds.
  path: Assets/Sounds/Firearms/Handling/HANDLING_B_FS92_9mm_Cocking_Motion_Safety_Off_No_Magazine_mono.wav
  artifactKey: Guid(8b23b954c70e32441a4abd1749fc92fa) Importer(815301076,1909f56bfc062723c751e8b465ee728b)
Start importing Assets/Sounds/Firearms/Handling/HANDLING_B_FS92_9mm_Cocking_Motion_Safety_Off_No_Magazine_mono.wav using Guid(8b23b954c70e32441a4abd1749fc92fa) Importer(815301076,1909f56bfc062723c751e8b465ee728b)  -> (artifact id: '49c92186cc09c042aaf454900c5c5c82') in 0.000727 seconds
Number of updated asset objects reloaded before import = 0
Number of asset objects unloaded after import = 1
========================================================================
Received Import Request.
  Time since last request: 0.000013 seconds.
  path: Assets/Sounds/Firearms/Handling/HANDLING_B_FS92_9mm_Dry_Fire_From_Manually_Cocked_Hammer_Empty_Magazine_mono.wav
  artifactKey: Guid(21d818f696b94814ab96b2e7429ccee2) Importer(815301076,1909f56bfc062723c751e8b465ee728b)
Start importing Assets/Sounds/Firearms/Handling/HANDLING_B_FS92_9mm_Dry_Fire_From_Manually_Cocked_Hammer_Empty_Magazine_mono.wav using Guid(21d818f696b94814ab96b2e7429ccee2) Importer(815301076,1909f56bfc062723c751e8b465ee728b)  -> (artifact id: '034eb2f5390f3365b1ddab2149456dd5') in 0.000739 seconds
Number of updated asset objects reloaded before import = 0
Number of asset objects unloaded after import = 1
========================================================================
Received Import Request.
  Time since last request: 0.000013 seconds.
  path: Assets/Sounds/Firearms/Handling/HANDLING_B_FS92_9mm_Dry_Fire_Press_Release_Trigger_Safety_On_mono.wav
  artifactKey: Guid(39e4dcf3b6642aa45b7dc26ccb1f7289) Importer(815301076,1909f56bfc062723c751e8b465ee728b)
Start importing Assets/Sounds/Firearms/Handling/HANDLING_B_FS92_9mm_Dry_Fire_Press_Release_Trigger_Safety_On_mono.wav using Guid(39e4dcf3b6642aa45b7dc26ccb1f7289) Importer(815301076,1909f56bfc062723c751e8b465ee728b)  -> (artifact id: 'cf85ebb27f719137dfad06cca5ab8213') in 0.000548 seconds
Number of updated asset objects reloaded before import = 0
Number of asset objects unloaded after import = 1
========================================================================
Received Import Request.
  Time since last request: 0.000011 seconds.
  path: Assets/Sounds/Firearms/Handling/HANDLING_B_FS92_9mm_Dry_Fire_Press_Trigger_Safety_On_mono.wav
  artifactKey: Guid(2cb7d2be0a9f65f4ab4bf8315177579e) Importer(815301076,1909f56bfc062723c751e8b465ee728b)
Start importing Assets/Sounds/Firearms/Handling/HANDLING_B_FS92_9mm_Dry_Fire_Press_Trigger_Safety_On_mono.wav using Guid(2cb7d2be0a9f65f4ab4bf8315177579e) Importer(815301076,1909f56bfc062723c751e8b465ee728b)  -> (artifact id: '3252c782188ebc3dd40bea75fd335c33') in 0.000782 seconds
Number of updated asset objects reloaded before import = 0
Number of asset objects unloaded after import = 1
========================================================================
Received Import Request.
  Time since last request: 0.000013 seconds.
  path: Assets/Sounds/Firearms/Handling/HANDLING_B_FS92_9mm_Dry_Fire_Release_Trigger_Safety_On_mono.wav
  artifactKey: Guid(4c79c7ee3beaaab4595869d7c245baa3) Importer(815301076,1909f56bfc062723c751e8b465ee728b)
Start importing Assets/Sounds/Firearms/Handling/HANDLING_B_FS92_9mm_Dry_Fire_Release_Trigger_Safety_On_mono.wav using Guid(4c79c7ee3beaaab4595869d7c245baa3) Importer(815301076,1909f56bfc062723c751e8b465ee728b)  -> (artifact id: '57f1194dc58527b25b1716492142c437') in 0.000954 seconds
Number of updated asset objects reloaded before import = 0
Number of asset objects unloaded after import = 1
========================================================================
Received Import Request.
  Time since last request: 0.000014 seconds.
  path: Assets/Sounds/Firearms/Handling/HANDLING_B_FS92_9mm_Insert_Empty_Magazine_mono.wav
  artifactKey: Guid(05f2e538b9b03164da31c587bbfef7af) Importer(815301076,1909f56bfc062723c751e8b465ee728b)
Start importing Assets/Sounds/Firearms/Handling/HANDLING_B_FS92_9mm_Insert_Empty_Magazine_mono.wav using Guid(05f2e538b9b03164da31c587bbfef7af) Importer(815301076,1909f56bfc062723c751e8b465ee728b)  -> (artifact id: '40f2c44b7a7b128efe63a96088ff67c9') in 0.000781 seconds
Number of updated asset objects reloaded before import = 0
Number of asset objects unloaded after import = 1
========================================================================
Received Import Request.
  Time since last request: 0.000015 seconds.
  path: Assets/Sounds/Firearms/Handling/HANDLING_B_FS92_9mm_Manually_Cock_Hammer_Fast_mono.wav
  artifactKey: Guid(0a2e8d1299a82354a902712f11f654e8) Importer(815301076,1909f56bfc062723c751e8b465ee728b)
Start importing Assets/Sounds/Firearms/Handling/HANDLING_B_FS92_9mm_Manually_Cock_Hammer_Fast_mono.wav using Guid(0a2e8d1299a82354a902712f11f654e8) Importer(815301076,1909f56bfc062723c751e8b465ee728b)  -> (artifact id: 'ebc9b52704b981d6a0aec5fba54044bc') in 0.000663 seconds
Number of updated asset objects reloaded before import = 0
Number of asset objects unloaded after import = 1
========================================================================
Received Import Request.
  Time since last request: 0.000012 seconds.
  path: Assets/Sounds/Firearms/Handling/HANDLING_B_FS92_9mm_Remove_9mm_Bullet_From_Magazine_RR2_mono.wav
  artifactKey: Guid(35beb9a54efb8044599611e5b7a51ca7) Importer(815301076,1909f56bfc062723c751e8b465ee728b)
Start importing Assets/Sounds/Firearms/Handling/HANDLING_B_FS92_9mm_Remove_9mm_Bullet_From_Magazine_RR2_mono.wav using Guid(35beb9a54efb8044599611e5b7a51ca7) Importer(815301076,1909f56bfc062723c751e8b465ee728b)  -> (artifact id: '4ee5e7156a50d496608946223f59de1c') in 0.000692 seconds
Number of updated asset objects reloaded before import = 0
Number of asset objects unloaded after import = 1
========================================================================
Received Import Request.
  Time since last request: 0.000011 seconds.
  path: Assets/Sounds/Firearms/Handling/HANDLING_B_FS92_9mm_Remove_9mm_Bullet_From_Magazine_RR3_mono.wav
  artifactKey: Guid(e663af5997267cd40b945d8ee86b5612) Importer(815301076,1909f56bfc062723c751e8b465ee728b)
Start importing Assets/Sounds/Firearms/Handling/HANDLING_B_FS92_9mm_Remove_9mm_Bullet_From_Magazine_RR3_mono.wav using Guid(e663af5997267cd40b945d8ee86b5612) Importer(815301076,1909f56bfc062723c751e8b465ee728b)  -> (artifact id: 'c2b4936992614eb6f5f88adb2de3e4e3') in 0.000788 seconds
Number of updated asset objects reloaded before import = 0
Number of asset objects unloaded after import = 1
========================================================================
Received Import Request.
  Time since last request: 0.000013 seconds.
  path: Assets/Sounds/Firearms/Handling/HANDLING_B_FS92_9mm_Remove_Empty_Magazine_mono.wav
  artifactKey: Guid(38cd17576ac3ac6479ad9c3fde13c0aa) Importer(815301076,1909f56bfc062723c751e8b465ee728b)
Start importing Assets/Sounds/Firearms/Handling/HANDLING_B_FS92_9mm_Remove_Empty_Magazine_mono.wav using Guid(38cd17576ac3ac6479ad9c3fde13c0aa) Importer(815301076,1909f56bfc062723c751e8b465ee728b)  -> (artifact id: 'de2631fa5c1bfbca0f85daf09960631a') in 0.000872 seconds
Number of updated asset objects reloaded before import = 0
Number of asset objects unloaded after import = 1
========================================================================
Received Import Request.
  Time since last request: 0.000014 seconds.
  path: Assets/Sounds/Firearms/Handling/HANDLING_B_FS92_9mm_Safety_On_Empty_Magazine_mono.wav
  artifactKey: Guid(f16e56b8136bace44ab5145e757f950e) Importer(815301076,1909f56bfc062723c751e8b465ee728b)
Start importing Assets/Sounds/Firearms/Handling/HANDLING_B_FS92_9mm_Safety_On_Empty_Magazine_mono.wav using Guid(f16e56b8136bace44ab5145e757f950e) Importer(815301076,1909f56bfc062723c751e8b465ee728b)  -> (artifact id: 'ed20b1b7f29272c79668096f57f33491') in 0.000950 seconds
Number of updated asset objects reloaded before import = 0
Number of asset objects unloaded after import = 1
========================================================================
Received Import Request.
  Time since last request: 0.000012 seconds.
  path: Assets/Sounds/Firearms/Handling/HANDLING_B_FS92_9mm_Safety_Off_Empty_Magazine_mono.wav
  artifactKey: Guid(5f27eae0d7db7fb4291ab4f90d2d33dc) Importer(815301076,1909f56bfc062723c751e8b465ee728b)
Start importing Assets/Sounds/Firearms/Handling/HANDLING_B_FS92_9mm_Safety_Off_Empty_Magazine_mono.wav using Guid(5f27eae0d7db7fb4291ab4f90d2d33dc) Importer(815301076,1909f56bfc062723c751e8b465ee728b)  -> (artifact id: 'b23a85e5931d0b00eed8d6875b0b7029') in 0.000625 seconds
Number of updated asset objects reloaded before import = 0
Number of asset objects unloaded after import = 1
========================================================================
Received Import Request.
  Time since last request: 0.000012 seconds.
  path: Assets/Sounds/Firearms/Handling/HANDLING_Switch_03_mono.wav
  artifactKey: Guid(9eec7bc95f274da4d8fc7d939bf1ce78) Importer(815301076,1909f56bfc062723c751e8b465ee728b)
Start importing Assets/Sounds/Firearms/Handling/HANDLING_Switch_03_mono.wav using Guid(9eec7bc95f274da4d8fc7d939bf1ce78) Importer(815301076,1909f56bfc062723c751e8b465ee728b)  -> (artifact id: '7691b74067a8e138b501cda57fefa2f5') in 0.000619 seconds
Number of updated asset objects reloaded before import = 0
Number of asset objects unloaded after import = 1
========================================================================
Received Import Request.
  Time since last request: 0.000013 seconds.
  path: Assets/Sounds/Firearms/Handling/HANDLING_Switch_04_mono.wav
  artifactKey: Guid(f1296e1f7a063e2478b1be09576e005f) Importer(815301076,1909f56bfc062723c751e8b465ee728b)
Start importing Assets/Sounds/Firearms/Handling/HANDLING_Switch_04_mono.wav using Guid(f1296e1f7a063e2478b1be09576e005f) Importer(815301076,1909f56bfc062723c751e8b465ee728b)  -> (artifact id: '33ce2263e7fb5f6bc87c84b1a14767e4') in 0.000575 seconds
Number of updated asset objects reloaded before import = 0
Number of asset objects unloaded after import = 1
========================================================================
Received Import Request.
  Time since last request: 0.000013 seconds.
  path: Assets/Sounds/Firearms/Handling/HANDLING_Switch_07_mono.wav
  artifactKey: Guid(674fbd84c4492cb4eb64a476642e1102) Importer(815301076,1909f56bfc062723c751e8b465ee728b)
Start importing Assets/Sounds/Firearms/Handling/HANDLING_Switch_07_mono.wav using Guid(674fbd84c4492cb4eb64a476642e1102) Importer(815301076,1909f56bfc062723c751e8b465ee728b)  -> (artifact id: '6535a2961f76b1305c76eb76de3882c9') in 0.000893 seconds
Number of updated asset objects reloaded before import = 0
Number of asset objects unloaded after import = 1
========================================================================
Received Import Request.
  Time since last request: 0.000015 seconds.
  path: Assets/Sounds/Firearms/Handling/HANDLING_Switch_09_mono.wav
  artifactKey: Guid(deae448fe77bc23458e719e93c278c99) Importer(815301076,1909f56bfc062723c751e8b465ee728b)
Start importing Assets/Sounds/Firearms/Handling/HANDLING_Switch_09_mono.wav using Guid(deae448fe77bc23458e719e93c278c99) Importer(815301076,1909f56bfc062723c751e8b465ee728b)  -> (artifact id: 'ad6ed423f0f43b9e1968a7c9015f0d40') in 0.000963 seconds
Number of updated asset objects reloaded before import = 0
Number of asset objects unloaded after import = 1
========================================================================
Received Import Request.
  Time since last request: 0.000019 seconds.
  path: Assets/Sounds/Firearms/Handling/HANDLING_B_FS92_9mm_Insert_Bullet_Into_Magazine_RR2_mono.wav
  artifactKey: Guid(ef41391b41b602f4e83740c32705e7b7) Importer(815301076,1909f56bfc062723c751e8b465ee728b)
Start importing Assets/Sounds/Firearms/Handling/HANDLING_B_FS92_9mm_Insert_Bullet_Into_Magazine_RR2_mono.wav using Guid(ef41391b41b602f4e83740c32705e7b7) Importer(815301076,1909f56bfc062723c751e8b465ee728b)  -> (artifact id: '555c5e061c269930a39abcbbac620805') in 0.001314 seconds
Number of updated asset objects reloaded before import = 0
Number of asset objects unloaded after import = 1
========================================================================
Received Import Request.
  Time since last request: 0.000036 seconds.
  path: Assets/Sounds/Firearms/Handling/HANDLING_B_FS92_9mm_Cocking_Motion_Safety_On_No_Magazine_mono.wav
  artifactKey: Guid(ba07a8078d45ffa4088b624cbc8360d0) Importer(815301076,1909f56bfc062723c751e8b465ee728b)
Start importing Assets/Sounds/Firearms/Handling/HANDLING_B_FS92_9mm_Cocking_Motion_Safety_On_No_Magazine_mono.wav using Guid(ba07a8078d45ffa4088b624cbc8360d0) Importer(815301076,1909f56bfc062723c751e8b465ee728b)  -> (artifact id: 'a696af7533946e1f4d7784ff3e40589c') in 0.000632 seconds
Number of updated asset objects reloaded before import = 0
Number of asset objects unloaded after import = 1
========================================================================
Received Import Request.
  Time since last request: 12.866328 seconds.
  path: Assets/Sounds/Zombie/ZOMBIE_Moan_03_mono.wav
  artifactKey: Guid(dc90e62a7f48fa740a05b734b000da3c) Importer(815301076,1909f56bfc062723c751e8b465ee728b)
Start importing Assets/Sounds/Zombie/ZOMBIE_Moan_03_mono.wav using Guid(dc90e62a7f48fa740a05b734b000da3c) Importer(815301076,1909f56bfc062723c751e8b465ee728b)  -> (artifact id: 'adafd0f97ba9a5b1c4912d31c759e80e') in 0.000746 seconds
Number of updated asset objects reloaded before import = 0
Number of asset objects unloaded after import = 1
========================================================================
Received Import Request.
  Time since last request: 0.001469 seconds.
  path: Assets/Sounds/Zombie/ZOMBIE_Moan_06_mono.wav
  artifactKey: Guid(8066c3122cd0b7d45848e117ae747c1a) Importer(815301076,1909f56bfc062723c751e8b465ee728b)
Start importing Assets/Sounds/Zombie/ZOMBIE_Moan_06_mono.wav using Guid(8066c3122cd0b7d45848e117ae747c1a) Importer(815301076,1909f56bfc062723c751e8b465ee728b)  -> (artifact id: 'a8c3c8dc216b5555b0f00d9a3fb4b4d1') in 0.000692 seconds
Number of updated asset objects reloaded before import = 0
Number of asset objects unloaded after import = 1
========================================================================
Received Import Request.
  Time since last request: 0.001156 seconds.
  path: Assets/Sounds/Zombie/ZOMBIE_Moan_09_mono.wav
  artifactKey: Guid(29a8f8bda783d5145ba83e2f6bcb44dc) Importer(815301076,1909f56bfc062723c751e8b465ee728b)
Start importing Assets/Sounds/Zombie/ZOMBIE_Moan_09_mono.wav using Guid(29a8f8bda783d5145ba83e2f6bcb44dc) Importer(815301076,1909f56bfc062723c751e8b465ee728b)  -> (artifact id: 'a8d6f86ce300b9f6036fcff782c9ac4c') in 0.000660 seconds
Number of updated asset objects reloaded before import = 0
Number of asset objects unloaded after import = 1
========================================================================
Received Import Request.
  Time since last request: 10.906100 seconds.
  path: Assets/Sounds/HUMAN/Eating_Drinking/DRINK_Pour_Liquid_In_Glass_Splashy_mono.wav
  artifactKey: Guid(23cb62e12f5bae744a3c94ec52dd5e9f) Importer(815301076,1909f56bfc062723c751e8b465ee728b)
Start importing Assets/Sounds/HUMAN/Eating_Drinking/DRINK_Pour_Liquid_In_Glass_Splashy_mono.wav using Guid(23cb62e12f5bae744a3c94ec52dd5e9f) Importer(815301076,1909f56bfc062723c751e8b465ee728b)  -> (artifact id: 'ff805dd58649b5cf6e4e7f229f4d78e8') in 0.000797 seconds
Number of updated asset objects reloaded before import = 0
Number of asset objects unloaded after import = 1
========================================================================
Received Import Request.
  Time since last request: 0.001572 seconds.
  path: Assets/Sounds/HUMAN/Eating_Drinking/EAT_Apple_Bite_02_mono.wav
  artifactKey: Guid(dec4457f53acb6843921d33d3d8d6f87) Importer(815301076,1909f56bfc062723c751e8b465ee728b)
Start importing Assets/Sounds/HUMAN/Eating_Drinking/EAT_Apple_Bite_02_mono.wav using Guid(dec4457f53acb6843921d33d3d8d6f87) Importer(815301076,1909f56bfc062723c751e8b465ee728b)  -> (artifact id: '9d926b1c427e56bdd81e4e09db0d79ef') in 0.000641 seconds
Number of updated asset objects reloaded before import = 0
Number of asset objects unloaded after import = 1
========================================================================
Received Import Request.
  Time since last request: 0.011899 seconds.
  path: Assets/Sounds/HUMAN/Eating_Drinking/EAT_Bite_03_mono.wav
  artifactKey: Guid(b618a7f8223d6014ba36c31cfc71f779) Importer(815301076,1909f56bfc062723c751e8b465ee728b)
Start importing Assets/Sounds/HUMAN/Eating_Drinking/EAT_Bite_03_mono.wav using Guid(b618a7f8223d6014ba36c31cfc71f779) Importer(815301076,1909f56bfc062723c751e8b465ee728b)  -> (artifact id: '5ba2d852ca7bdbfc3562ec094aeb1c28') in 0.000615 seconds
Number of updated asset objects reloaded before import = 0
Number of asset objects unloaded after import = 1
========================================================================
Received Import Request.
  Time since last request: 0.001426 seconds.
  path: Assets/Sounds/HUMAN/Eating_Drinking/EAT_Chew_3_Times_mono.wav
  artifactKey: Guid(db14cd5c76db82143b188aee788ecbaa) Importer(815301076,1909f56bfc062723c751e8b465ee728b)
Start importing Assets/Sounds/HUMAN/Eating_Drinking/EAT_Chew_3_Times_mono.wav using Guid(db14cd5c76db82143b188aee788ecbaa) Importer(815301076,1909f56bfc062723c751e8b465ee728b)  -> (artifact id: '7ce58e30d5d9a7563c8e1bf1fe6c9685') in 0.000698 seconds
Number of updated asset objects reloaded before import = 0
Number of asset objects unloaded after import = 1
========================================================================
Received Import Request.
  Time since last request: 0.000764 seconds.
  path: Assets/Sounds/HUMAN/Eating_Drinking/EAT_Chew_Loop_03_loop_mono.wav
  artifactKey: Guid(d9731f1af42cced4b87ebd3b53c31071) Importer(815301076,1909f56bfc062723c751e8b465ee728b)
Start importing Assets/Sounds/HUMAN/Eating_Drinking/EAT_Chew_Loop_03_loop_mono.wav using Guid(d9731f1af42cced4b87ebd3b53c31071) Importer(815301076,1909f56bfc062723c751e8b465ee728b)  -> (artifact id: '9fdfa954a84bf1a043e1d212742f887a') in 0.000542 seconds
Number of updated asset objects reloaded before import = 0
Number of asset objects unloaded after import = 1
========================================================================
Received Import Request.
  Time since last request: 0.002159 seconds.
  path: Assets/Sounds/HUMAN/Eating_Drinking/EAT_Cookie_Chew_3_Times_mono.wav
  artifactKey: Guid(105319ee9975081479e4f9868a885872) Importer(815301076,1909f56bfc062723c751e8b465ee728b)
Start importing Assets/Sounds/HUMAN/Eating_Drinking/EAT_Cookie_Chew_3_Times_mono.wav using Guid(105319ee9975081479e4f9868a885872) Importer(815301076,1909f56bfc062723c751e8b465ee728b)  -> (artifact id: 'fc4d2ec6b8f4ebb3d2524fdf377ba4f4') in 0.000957 seconds
Number of updated asset objects reloaded before import = 0
Number of asset objects unloaded after import = 1
========================================================================
Received Import Request.
  Time since last request: 2.304050 seconds.
  path: Assets/Sounds/HUMAN/Footsteps/Generic_Metal_Hollow_Run/FOOTSTEP_Generic_Metal_Hollow_Run_RR3_mono.wav
  artifactKey: Guid(5cf837dc1850be946a80bf9e02333f06) Importer(815301076,1909f56bfc062723c751e8b465ee728b)
Start importing Assets/Sounds/HUMAN/Footsteps/Generic_Metal_Hollow_Run/FOOTSTEP_Generic_Metal_Hollow_Run_RR3_mono.wav using Guid(5cf837dc1850be946a80bf9e02333f06) Importer(815301076,1909f56bfc062723c751e8b465ee728b)  -> (artifact id: '8c51415effaeec7402cdebb5f0d6a704') in 0.000845 seconds
Number of updated asset objects reloaded before import = 0
Number of asset objects unloaded after import = 1
========================================================================
Received Import Request.
  Time since last request: 0.007481 seconds.
  path: Assets/Sounds/HUMAN/Footsteps/Generic_Metal_Hollow_Run/FOOTSTEP_Generic_Metal_Hollow_Run_RR7_mono.wav
  artifactKey: Guid(e9aab4b5080a82e41907c583c73f6bad) Importer(815301076,1909f56bfc062723c751e8b465ee728b)
Start importing Assets/Sounds/HUMAN/Footsteps/Generic_Metal_Hollow_Run/FOOTSTEP_Generic_Metal_Hollow_Run_RR7_mono.wav using Guid(e9aab4b5080a82e41907c583c73f6bad) Importer(815301076,1909f56bfc062723c751e8b465ee728b)  -> (artifact id: 'a8f8aeecf3a44be5eadd82f11afe3607') in 0.000691 seconds
Number of updated asset objects reloaded before import = 0
Number of asset objects unloaded after import = 1
========================================================================
Received Import Request.
  Time since last request: 1.385997 seconds.
  path: Assets/Sounds/HUMAN/Movement/MOVEMENT_Snow_RR3_mono.wav
  artifactKey: Guid(bb0e780709f253e4c914ed90d2740a02) Importer(815301076,1909f56bfc062723c751e8b465ee728b)
Start importing Assets/Sounds/HUMAN/Movement/MOVEMENT_Snow_RR3_mono.wav using Guid(bb0e780709f253e4c914ed90d2740a02) Importer(815301076,1909f56bfc062723c751e8b465ee728b)  -> (artifact id: 'd6e2d7a4f154a41f3493e0501ec3660b') in 0.000800 seconds
Number of updated asset objects reloaded before import = 0
Number of asset objects unloaded after import = 1
========================================================================
Received Import Request.
  Time since last request: 32.802343 seconds.
  path: Assets/Sounds/Firearms/Fire_Real_Time_Strategy_RTS/FIREARM_RTS_Machine_Gun_Model_01_Fire_Burst_800RPM_3x_mono.wav
  artifactKey: Guid(e37ccdc99ffd83745b1a670f4061389e) Importer(815301076,1909f56bfc062723c751e8b465ee728b)
Start importing Assets/Sounds/Firearms/Fire_Real_Time_Strategy_RTS/FIREARM_RTS_Machine_Gun_Model_01_Fire_Burst_800RPM_3x_mono.wav using Guid(e37ccdc99ffd83745b1a670f4061389e) Importer(815301076,1909f56bfc062723c751e8b465ee728b)  -> (artifact id: 'a2607d7456ac46734d2701ceac8dacc7') in 0.000909 seconds
Number of updated asset objects reloaded before import = 0
Number of asset objects unloaded after import = 1
========================================================================
Received Import Request.
  Time since last request: 0.002037 seconds.
  path: Assets/Sounds/Firearms/Fire_Real_Time_Strategy_RTS/FIREARM_RTS_Machine_Gun_Model_01_Fire_Burst_800RPM_12x_mono.wav
  artifactKey: Guid(9d067d1a91cae1f489e0e83061be1537) Importer(815301076,1909f56bfc062723c751e8b465ee728b)
Start importing Assets/Sounds/Firearms/Fire_Real_Time_Strategy_RTS/FIREARM_RTS_Machine_Gun_Model_01_Fire_Burst_800RPM_12x_mono.wav using Guid(9d067d1a91cae1f489e0e83061be1537) Importer(815301076,1909f56bfc062723c751e8b465ee728b)  -> (artifact id: 'a23abb9d7e081bb768d2dfffb746b23b') in 0.000551 seconds
Number of updated asset objects reloaded before import = 0
Number of asset objects unloaded after import = 1
========================================================================
Received Import Request.
  Time since last request: 0.001338 seconds.
  path: Assets/Sounds/Firearms/Fire_Real_Time_Strategy_RTS/FIREARM_RTS_Machine_Gun_Model_01_Fire_Single_RR3_mono.wav
  artifactKey: Guid(c6e3226f09cb2f04980852c08303eb9d) Importer(815301076,1909f56bfc062723c751e8b465ee728b)
Start importing Assets/Sounds/Firearms/Fire_Real_Time_Strategy_RTS/FIREARM_RTS_Machine_Gun_Model_01_Fire_Single_RR3_mono.wav using Guid(c6e3226f09cb2f04980852c08303eb9d) Importer(815301076,1909f56bfc062723c751e8b465ee728b)  -> (artifact id: '450876460d122d052342c0a2a1cb1d59') in 0.000547 seconds
Number of updated asset objects reloaded before import = 0
Number of asset objects unloaded after import = 1
========================================================================
Received Import Request.
  Time since last request: 0.003769 seconds.
  path: Assets/Sounds/Firearms/Fire_Real_Time_Strategy_RTS/FIREARM_RTS_Machine_Gun_Model_02_Fire_Burst_760RPM_3x_mono.wav
  artifactKey: Guid(83ad8fae99a769d4d8615794068c077a) Importer(815301076,1909f56bfc062723c751e8b465ee728b)
Start importing Assets/Sounds/Firearms/Fire_Real_Time_Strategy_RTS/FIREARM_RTS_Machine_Gun_Model_02_Fire_Burst_760RPM_3x_mono.wav using Guid(83ad8fae99a769d4d8615794068c077a) Importer(815301076,1909f56bfc062723c751e8b465ee728b)  -> (artifact id: '471f6d97f4788e4b991a9d6f1bad144e') in 0.000574 seconds
Number of updated asset objects reloaded before import = 0
Number of asset objects unloaded after import = 1
========================================================================
Received Import Request.
  Time since last request: 0.001770 seconds.
  path: Assets/Sounds/Firearms/Fire_Real_Time_Strategy_RTS/FIREARM_RTS_Machine_Gun_Model_02_Fire_Burst_760RPM_12x_mono.wav
  artifactKey: Guid(e73e558671eca724daec2db58acb5770) Importer(815301076,1909f56bfc062723c751e8b465ee728b)
Start importing Assets/Sounds/Firearms/Fire_Real_Time_Strategy_RTS/FIREARM_RTS_Machine_Gun_Model_02_Fire_Burst_760RPM_12x_mono.wav using Guid(e73e558671eca724daec2db58acb5770) Importer(815301076,1909f56bfc062723c751e8b465ee728b)  -> (artifact id: 'bc9a8260310287c9870e39a420ec8f28') in 0.000566 seconds
Number of updated asset objects reloaded before import = 0
Number of asset objects unloaded after import = 1
========================================================================
Received Import Request.
  Time since last request: 0.002993 seconds.
  path: Assets/Sounds/Firearms/Fire_Real_Time_Strategy_RTS/FIREARM_RTS_Machine_Gun_Model_02_Fire_Single_RR3_mono.wav
  artifactKey: Guid(f5ab3533442c80e459a8113b53238c3d) Importer(815301076,1909f56bfc062723c751e8b465ee728b)
Start importing Assets/Sounds/Firearms/Fire_Real_Time_Strategy_RTS/FIREARM_RTS_Machine_Gun_Model_02_Fire_Single_RR3_mono.wav using Guid(f5ab3533442c80e459a8113b53238c3d) Importer(815301076,1909f56bfc062723c751e8b465ee728b)  -> (artifact id: 'd55405528f08cb2bf4eeb988300a64de') in 0.000692 seconds
Number of updated asset objects reloaded before import = 0
Number of asset objects unloaded after import = 1
========================================================================
Received Import Request.
  Time since last request: 0.002417 seconds.
  path: Assets/Sounds/Firearms/Fire_Real_Time_Strategy_RTS/FIREARM_RTS_Machine_Gun_Model_03_Fire_Burst_880RPM_3x_mono.wav
  artifactKey: Guid(6becf34efcd3a844d9d3f896828632e7) Importer(815301076,1909f56bfc062723c751e8b465ee728b)
Start importing Assets/Sounds/Firearms/Fire_Real_Time_Strategy_RTS/FIREARM_RTS_Machine_Gun_Model_03_Fire_Burst_880RPM_3x_mono.wav using Guid(6becf34efcd3a844d9d3f896828632e7) Importer(815301076,1909f56bfc062723c751e8b465ee728b)  -> (artifact id: 'cca7d6af1771dda7acd524441c660955') in 0.000687 seconds
Number of updated asset objects reloaded before import = 0
Number of asset objects unloaded after import = 1
========================================================================
Received Import Request.
  Time since last request: 0.002409 seconds.
  path: Assets/Sounds/Firearms/Fire_Real_Time_Strategy_RTS/FIREARM_RTS_Machine_Gun_Model_03_Fire_Burst_880RPM_12x_mono.wav
  artifactKey: Guid(5f3fd6ecce172c64190fbd36426fe527) Importer(815301076,1909f56bfc062723c751e8b465ee728b)
Start importing Assets/Sounds/Firearms/Fire_Real_Time_Strategy_RTS/FIREARM_RTS_Machine_Gun_Model_03_Fire_Burst_880RPM_12x_mono.wav using Guid(5f3fd6ecce172c64190fbd36426fe527) Importer(815301076,1909f56bfc062723c751e8b465ee728b)  -> (artifact id: '99721c10410279ac85ec939279b6ee8a') in 0.000680 seconds
Number of updated asset objects reloaded before import = 0
Number of asset objects unloaded after import = 1
========================================================================
Received Import Request.
  Time since last request: 0.001000 seconds.
  path: Assets/Sounds/Firearms/Fire_Real_Time_Strategy_RTS/FIREARM_RTS_Machine_Gun_Model_03_Fire_Single_RR3_mono.wav
  artifactKey: Guid(c73254fa0fde9094a9ed764936f14eaf) Importer(815301076,1909f56bfc062723c751e8b465ee728b)
Start importing Assets/Sounds/Firearms/Fire_Real_Time_Strategy_RTS/FIREARM_RTS_Machine_Gun_Model_03_Fire_Single_RR3_mono.wav using Guid(c73254fa0fde9094a9ed764936f14eaf) Importer(815301076,1909f56bfc062723c751e8b465ee728b)  -> (artifact id: 'ede2bbf1fa9f76fbbd28a43f8bcf616b') in 0.000654 seconds
Number of updated asset objects reloaded before import = 0
Number of asset objects unloaded after import = 1
========================================================================
Received Import Request.
  Time since last request: 0.000011 seconds.
  path: Assets/Sounds/Firearms/Fire_Real_Time_Strategy_RTS/FIREARM_RTS_Machine_Gun_Model_04_Fire_Burst_920RPM_3x_mono.wav
  artifactKey: Guid(e3cd7120977b12145b635d44a500d357) Importer(815301076,1909f56bfc062723c751e8b465ee728b)
Start importing Assets/Sounds/Firearms/Fire_Real_Time_Strategy_RTS/FIREARM_RTS_Machine_Gun_Model_04_Fire_Burst_920RPM_3x_mono.wav using Guid(e3cd7120977b12145b635d44a500d357) Importer(815301076,1909f56bfc062723c751e8b465ee728b)  -> (artifact id: '31f6100f52503997cd81cf938669a687') in 0.000551 seconds
Number of updated asset objects reloaded before import = 0
Number of asset objects unloaded after import = 1
========================================================================
Received Import Request.
  Time since last request: 0.001968 seconds.
  path: Assets/Sounds/Firearms/Fire_Real_Time_Strategy_RTS/FIREARM_RTS_Machine_Gun_Model_04_Fire_Burst_920RPM_12x_mono.wav
  artifactKey: Guid(be63ddeba9db7a246a3e69aa0d6113da) Importer(815301076,1909f56bfc062723c751e8b465ee728b)
Start importing Assets/Sounds/Firearms/Fire_Real_Time_Strategy_RTS/FIREARM_RTS_Machine_Gun_Model_04_Fire_Burst_920RPM_12x_mono.wav using Guid(be63ddeba9db7a246a3e69aa0d6113da) Importer(815301076,1909f56bfc062723c751e8b465ee728b)  -> (artifact id: 'dba6b75cec1d9e4e00fb5cc5803d76ca') in 0.000720 seconds
Number of updated asset objects reloaded before import = 0
Number of asset objects unloaded after import = 1
========================================================================
Received Import Request.
  Time since last request: 0.001677 seconds.
  path: Assets/Sounds/Firearms/Fire_Real_Time_Strategy_RTS/FIREARM_RTS_Machine_Gun_Model_04_Fire_Single_RR3_mono.wav
  artifactKey: Guid(08b2aa47f7c1d0c47872aad51b2ad0e8) Importer(815301076,1909f56bfc062723c751e8b465ee728b)
Start importing Assets/Sounds/Firearms/Fire_Real_Time_Strategy_RTS/FIREARM_RTS_Machine_Gun_Model_04_Fire_Single_RR3_mono.wav using Guid(08b2aa47f7c1d0c47872aad51b2ad0e8) Importer(815301076,1909f56bfc062723c751e8b465ee728b)  -> (artifact id: 'e4d551d6c3dda53d70e4b40d43f91c58') in 0.000638 seconds
Number of updated asset objects reloaded before import = 0
Number of asset objects unloaded after import = 1
========================================================================
Received Import Request.
  Time since last request: 0.003096 seconds.
  path: Assets/Sounds/Firearms/Fire_Real_Time_Strategy_RTS/FIREARM_RTS_Machine_Gun_Model_05_Fire_Burst_600RPM_3x_mono.wav
  artifactKey: Guid(ada3752420326b44ebff402ba3b5294f) Importer(815301076,1909f56bfc062723c751e8b465ee728b)
Start importing Assets/Sounds/Firearms/Fire_Real_Time_Strategy_RTS/FIREARM_RTS_Machine_Gun_Model_05_Fire_Burst_600RPM_3x_mono.wav using Guid(ada3752420326b44ebff402ba3b5294f) Importer(815301076,1909f56bfc062723c751e8b465ee728b)  -> (artifact id: '9cbee6f80f077cd199351991cd1eee7a') in 0.000802 seconds
Number of updated asset objects reloaded before import = 0
Number of asset objects unloaded after import = 1
========================================================================
Received Import Request.
  Time since last request: 0.002614 seconds.
  path: Assets/Sounds/Firearms/Fire_Real_Time_Strategy_RTS/FIREARM_RTS_Machine_Gun_Model_05_Fire_Burst_600RPM_12x_mono.wav
  artifactKey: Guid(c887a292f37413644827481415105976) Importer(815301076,1909f56bfc062723c751e8b465ee728b)
Start importing Assets/Sounds/Firearms/Fire_Real_Time_Strategy_RTS/FIREARM_RTS_Machine_Gun_Model_05_Fire_Burst_600RPM_12x_mono.wav using Guid(c887a292f37413644827481415105976) Importer(815301076,1909f56bfc062723c751e8b465ee728b)  -> (artifact id: '92a17cdb7e1e2fb5a5895abb6c794436') in 0.000581 seconds
Number of updated asset objects reloaded before import = 0
Number of asset objects unloaded after import = 1
========================================================================
Received Import Request.
  Time since last request: 0.002463 seconds.
  path: Assets/Sounds/Firearms/Fire_Real_Time_Strategy_RTS/FIREARM_RTS_Machine_Gun_Model_05_Fire_Single_RR3_mono.wav
  artifactKey: Guid(e4cf6cff65889e346a8b93ec20b72fae) Importer(815301076,1909f56bfc062723c751e8b465ee728b)
Start importing Assets/Sounds/Firearms/Fire_Real_Time_Strategy_RTS/FIREARM_RTS_Machine_Gun_Model_05_Fire_Single_RR3_mono.wav using Guid(e4cf6cff65889e346a8b93ec20b72fae) Importer(815301076,1909f56bfc062723c751e8b465ee728b)  -> (artifact id: '2418efb108cf9b0bb1760b4af4b03494') in 0.000605 seconds
Number of updated asset objects reloaded before import = 0
Number of asset objects unloaded after import = 1
========================================================================
Received Import Request.
  Time since last request: 0.002852 seconds.
  path: Assets/Sounds/Firearms/Fire_Real_Time_Strategy_RTS/FIREARM_RTS_Machine_Gun_Model_06_Fire_Burst_1000RPM_3x_mono.wav
  artifactKey: Guid(972dbefa968dbc44e88486301e71a958) Importer(815301076,1909f56bfc062723c751e8b465ee728b)
Start importing Assets/Sounds/Firearms/Fire_Real_Time_Strategy_RTS/FIREARM_RTS_Machine_Gun_Model_06_Fire_Burst_1000RPM_3x_mono.wav using Guid(972dbefa968dbc44e88486301e71a958) Importer(815301076,1909f56bfc062723c751e8b465ee728b)  -> (artifact id: 'fdf2da7e6bb4f2ffc483eb5558aa8588') in 0.000637 seconds
Number of updated asset objects reloaded before import = 0
Number of asset objects unloaded after import = 1
========================================================================
Received Import Request.
  Time since last request: 0.002168 seconds.
  path: Assets/Sounds/Firearms/Fire_Real_Time_Strategy_RTS/FIREARM_RTS_Machine_Gun_Model_06_Fire_Burst_1000RPM_12x_mono.wav
  artifactKey: Guid(21581dab04c7dff41b928fa3d77e5ddd) Importer(815301076,1909f56bfc062723c751e8b465ee728b)
Start importing Assets/Sounds/Firearms/Fire_Real_Time_Strategy_RTS/FIREARM_RTS_Machine_Gun_Model_06_Fire_Burst_1000RPM_12x_mono.wav using Guid(21581dab04c7dff41b928fa3d77e5ddd) Importer(815301076,1909f56bfc062723c751e8b465ee728b)  -> (artifact id: 'e3cb424c8e0e689aa6ef4a3a2509bd6d') in 0.000601 seconds
Number of updated asset objects reloaded before import = 0
Number of asset objects unloaded after import = 1
========================================================================
Received Import Request.
  Time since last request: 0.002780 seconds.
  path: Assets/Sounds/Firearms/Fire_Real_Time_Strategy_RTS/FIREARM_RTS_Machine_Gun_Model_06_Fire_Single_RR3_mono.wav
  artifactKey: Guid(561eb7ecc1db75d45b6de585274e8fcf) Importer(815301076,1909f56bfc062723c751e8b465ee728b)
Start importing Assets/Sounds/Firearms/Fire_Real_Time_Strategy_RTS/FIREARM_RTS_Machine_Gun_Model_06_Fire_Single_RR3_mono.wav using Guid(561eb7ecc1db75d45b6de585274e8fcf) Importer(815301076,1909f56bfc062723c751e8b465ee728b)  -> (artifact id: '5e39063617a6efe218ae4b2e5233e088') in 0.000685 seconds
Number of updated asset objects reloaded before import = 0
Number of asset objects unloaded after import = 1
========================================================================
Received Import Request.
  Time since last request: 0.002923 seconds.
  path: Assets/Sounds/Firearms/Fire_Real_Time_Strategy_RTS/FIREARM_RTS_Machine_Gun_Model_07_Fire_Burst_800RPM_3x_mono.wav
  artifactKey: Guid(4f31eae29a406ee49990d3a9f8a542ff) Importer(815301076,1909f56bfc062723c751e8b465ee728b)
Start importing Assets/Sounds/Firearms/Fire_Real_Time_Strategy_RTS/FIREARM_RTS_Machine_Gun_Model_07_Fire_Burst_800RPM_3x_mono.wav using Guid(4f31eae29a406ee49990d3a9f8a542ff) Importer(815301076,1909f56bfc062723c751e8b465ee728b)  -> (artifact id: 'c6352e3b7a8eceb6a5d03be17a033f4f') in 0.000775 seconds
Number of updated asset objects reloaded before import = 0
Number of asset objects unloaded after import = 1
========================================================================
Received Import Request.
  Time since last request: 0.002756 seconds.
  path: Assets/Sounds/Firearms/Fire_Real_Time_Strategy_RTS/FIREARM_RTS_Machine_Gun_Model_07_Fire_Burst_800RPM_12x_mono.wav
  artifactKey: Guid(19aa4888205df6a42b299f5298d72d1b) Importer(815301076,1909f56bfc062723c751e8b465ee728b)
Start importing Assets/Sounds/Firearms/Fire_Real_Time_Strategy_RTS/FIREARM_RTS_Machine_Gun_Model_07_Fire_Burst_800RPM_12x_mono.wav using Guid(19aa4888205df6a42b299f5298d72d1b) Importer(815301076,1909f56bfc062723c751e8b465ee728b)  -> (artifact id: '2b3a76f431cc8df16a206ca7de18fc67') in 0.000579 seconds
Number of updated asset objects reloaded before import = 0
Number of asset objects unloaded after import = 1
========================================================================
Received Import Request.
  Time since last request: 0.000011 seconds.
  path: Assets/Sounds/Firearms/Fire_Real_Time_Strategy_RTS/FIREARM_RTS_Machine_Gun_Model_07_Fire_Single_RR2_mono.wav
  artifactKey: Guid(6cd7eff34e5bf5c46a0ca6482b90334f) Importer(815301076,1909f56bfc062723c751e8b465ee728b)
Start importing Assets/Sounds/Firearms/Fire_Real_Time_Strategy_RTS/FIREARM_RTS_Machine_Gun_Model_07_Fire_Single_RR2_mono.wav using Guid(6cd7eff34e5bf5c46a0ca6482b90334f) Importer(815301076,1909f56bfc062723c751e8b465ee728b)  -> (artifact id: 'ee40bb2fda5517ba29dedbf515e501b3') in 0.000939 seconds
Number of updated asset objects reloaded before import = 0
Number of asset objects unloaded after import = 1
========================================================================
Received Import Request.
  Time since last request: 34.255669 seconds.
  path: Assets/Sounds/Firearms/Reloading/RELOAD_Chamber_03_stereo.wav
  artifactKey: Guid(0fae8add4c90aa644bd0afb4c5e72a9e) Importer(815301076,1909f56bfc062723c751e8b465ee728b)
Start importing Assets/Sounds/Firearms/Reloading/RELOAD_Chamber_03_stereo.wav using Guid(0fae8add4c90aa644bd0afb4c5e72a9e) Importer(815301076,1909f56bfc062723c751e8b465ee728b)  -> (artifact id: '939010a2a94f8cd1fd321147870cc510') in 0.000632 seconds
Number of updated asset objects reloaded before import = 0
Number of asset objects unloaded after import = 1
========================================================================
Received Import Request.
  Time since last request: 0.001679 seconds.
  path: Assets/Sounds/Firearms/Reloading/RELOAD_Clicks_stereo.wav
  artifactKey: Guid(04e544d3730c5a04c9dca13a31b51e8e) Importer(815301076,1909f56bfc062723c751e8b465ee728b)
Start importing Assets/Sounds/Firearms/Reloading/RELOAD_Clicks_stereo.wav using Guid(04e544d3730c5a04c9dca13a31b51e8e) Importer(815301076,1909f56bfc062723c751e8b465ee728b)  -> (artifact id: '46e71b93e53ecb88e2618aec00dda170') in 0.000687 seconds
Number of updated asset objects reloaded before import = 0
Number of asset objects unloaded after import = 1
========================================================================
Received Import Request.
  Time since last request: 0.001347 seconds.
  path: Assets/Sounds/Firearms/Reloading/RELOAD_Mechanical_01_mono.wav
  artifactKey: Guid(649df11b208520945af0298cbe378267) Importer(815301076,1909f56bfc062723c751e8b465ee728b)
Start importing Assets/Sounds/Firearms/Reloading/RELOAD_Mechanical_01_mono.wav using Guid(649df11b208520945af0298cbe378267) Importer(815301076,1909f56bfc062723c751e8b465ee728b)  -> (artifact id: 'd572f1624bad2a1ea893038d9ae34929') in 0.000586 seconds
Number of updated asset objects reloaded before import = 0
Number of asset objects unloaded after import = 1
========================================================================
Received Import Request.
  Time since last request: 0.002764 seconds.
  path: Assets/Sounds/Firearms/Reloading/RELOAD_Mechanical_04_mono.wav
  artifactKey: Guid(333e3cd09c9e57342aba554f2c498eb6) Importer(815301076,1909f56bfc062723c751e8b465ee728b)
Start importing Assets/Sounds/Firearms/Reloading/RELOAD_Mechanical_04_mono.wav using Guid(333e3cd09c9e57342aba554f2c498eb6) Importer(815301076,1909f56bfc062723c751e8b465ee728b)  -> (artifact id: '7907cc87d60b49e608cce83183a79a8d') in 0.000664 seconds
Number of updated asset objects reloaded before import = 0
Number of asset objects unloaded after import = 1
========================================================================
Received Import Request.
  Time since last request: 0.001220 seconds.
  path: Assets/Sounds/Firearms/Reloading/RELOAD_Mechanical_07_mono.wav
  artifactKey: Guid(764e82c271ab4fa42aa8d238de40bed5) Importer(815301076,1909f56bfc062723c751e8b465ee728b)
Start importing Assets/Sounds/Firearms/Reloading/RELOAD_Mechanical_07_mono.wav using Guid(764e82c271ab4fa42aa8d238de40bed5) Importer(815301076,1909f56bfc062723c751e8b465ee728b)  -> (artifact id: '024404a2f18399bade910d39b58eadb6') in 0.000548 seconds
Number of updated asset objects reloaded before import = 0
Number of asset objects unloaded after import = 1
========================================================================
Received Import Request.
  Time since last request: 0.001443 seconds.
  path: Assets/Sounds/Firearms/Reloading/RELOAD_Mechanical_10_mono.wav
  artifactKey: Guid(19c812f4716bad340a9edaa3d4c84a6d) Importer(815301076,1909f56bfc062723c751e8b465ee728b)
Start importing Assets/Sounds/Firearms/Reloading/RELOAD_Mechanical_10_mono.wav using Guid(19c812f4716bad340a9edaa3d4c84a6d) Importer(815301076,1909f56bfc062723c751e8b465ee728b)  -> (artifact id: '9527d051f3210cff4251aebd81682765') in 0.000728 seconds
Number of updated asset objects reloaded before import = 0
Number of asset objects unloaded after import = 1
========================================================================
Received Import Request.
  Time since last request: 0.002854 seconds.
  path: Assets/Sounds/Firearms/Reloading/RELOAD_Mechanical_13_mono.wav
  artifactKey: Guid(d36246f62a961234b857bbcdc62235cf) Importer(815301076,1909f56bfc062723c751e8b465ee728b)
Start importing Assets/Sounds/Firearms/Reloading/RELOAD_Mechanical_13_mono.wav using Guid(d36246f62a961234b857bbcdc62235cf) Importer(815301076,1909f56bfc062723c751e8b465ee728b)  -> (artifact id: 'fed4af1c493bea8c58b7f606a6bc8995') in 0.000540 seconds
Number of updated asset objects reloaded before import = 0
Number of asset objects unloaded after import = 1
========================================================================
Received Import Request.
  Time since last request: 0.002049 seconds.
  path: Assets/Sounds/Firearms/Reloading/RELOAD_Pump_Dark_stereo.wav
  artifactKey: Guid(05affc2d1ccd01641a0a94cdfca1869a) Importer(815301076,1909f56bfc062723c751e8b465ee728b)
Start importing Assets/Sounds/Firearms/Reloading/RELOAD_Pump_Dark_stereo.wav using Guid(05affc2d1ccd01641a0a94cdfca1869a) Importer(815301076,1909f56bfc062723c751e8b465ee728b)  -> (artifact id: 'f3d0544656fb4286124a57b99e85cdd8') in 0.000812 seconds
Number of updated asset objects reloaded before import = 0
Number of asset objects unloaded after import = 1
Editor requested this worker to shutdown with reason: Scaling down because of idle timeout
TcpMessagingSession - receive error: operation aborted. errorcode: 995, details:        I/O  .
AssetImportWorker is now disconnected from the server
Process exiting
Exiting without the bug reporter. Application will terminate with return code 0